{"/mnt/c/Users/edward.mccormick/IdeaProjects/gowebserver/react-vite-poc/src/App.jsx": {"path":"/mnt/c/Users/edward.mccormick/IdeaProjects/gowebserver/react-vite-poc/src/App.jsx","statementMap":{"0":{"start":{"line":18,"column":30},"end":{"line":18,"column":42}},"1":{"start":{"line":19,"column":32},"end":{"line":19,"column":46}},"2":{"start":{"line":20,"column":42},"end":{"line":20,"column":56}},"3":{"start":{"line":21,"column":24},"end":{"line":21,"column":38}},"4":{"start":{"line":22,"column":38},"end":{"line":22,"column":50}},"5":{"start":{"line":23,"column":52},"end":{"line":23,"column":64}},"6":{"start":{"line":24,"column":44},"end":{"line":24,"column":56}},"7":{"start":{"line":25,"column":32},"end":{"line":25,"column":44}},"8":{"start":{"line":26,"column":42},"end":{"line":26,"column":57}},"9":{"start":{"line":27,"column":34},"end":{"line":27,"column":46}},"10":{"start":{"line":28,"column":34},"end":{"line":28,"column":46}},"11":{"start":{"line":29,"column":50},"end":{"line":29,"column":64}},"12":{"start":{"line":30,"column":54},"end":{"line":30,"column":69}},"13":{"start":{"line":31,"column":32},"end":{"line":31,"column":47}},"14":{"start":{"line":32,"column":56},"end":{"line":32,"column":68}},"15":{"start":{"line":33,"column":54},"end":{"line":33,"column":69}},"16":{"start":{"line":34,"column":50},"end":{"line":34,"column":65}},"17":{"start":{"line":35,"column":34},"end":{"line":35,"column":49}},"18":{"start":{"line":36,"column":36},"end":{"line":36,"column":50}},"19":{"start":{"line":38,"column":2},"end":{"line":47,"column":9}},"20":{"start":{"line":40,"column":18},"end":{"line":44,"column":12}},"21":{"start":{"line":41,"column":6},"end":{"line":41,"column":32}},"22":{"start":{"line":43,"column":6},"end":{"line":43,"column":48}},"23":{"start":{"line":43,"column":23},"end":{"line":43,"column":40}},"24":{"start":{"line":46,"column":4},"end":{"line":46,"column":37}},"25":{"start":{"line":46,"column":17},"end":{"line":46,"column":36}},"26":{"start":{"line":49,"column":2},"end":{"line":70,"column":26}},"27":{"start":{"line":50,"column":4},"end":{"line":58,"column":7}},"28":{"start":{"line":51,"column":6},"end":{"line":51,"column":24}},"29":{"start":{"line":52,"column":6},"end":{"line":52,"column":29}},"30":{"start":{"line":53,"column":6},"end":{"line":53,"column":20}},"31":{"start":{"line":54,"column":6},"end":{"line":54,"column":21}},"32":{"start":{"line":55,"column":6},"end":{"line":55,"column":22}},"33":{"start":{"line":56,"column":6},"end":{"line":56,"column":22}},"34":{"start":{"line":57,"column":8},"end":{"line":57,"column":15}},"35":{"start":{"line":59,"column":4},"end":{"line":69,"column":38}},"36":{"start":{"line":64,"column":21},"end":{"line":64,"column":31}},"37":{"start":{"line":66,"column":8},"end":{"line":66,"column":24}},"38":{"start":{"line":67,"column":8},"end":{"line":67,"column":26}},"39":{"start":{"line":69,"column":19},"end":{"line":69,"column":36}},"40":{"start":{"line":73,"column":27},"end":{"line":82,"column":3}},"41":{"start":{"line":75,"column":4},"end":{"line":78,"column":8}},"42":{"start":{"line":75,"column":36},"end":{"line":78,"column":5}},"43":{"start":{"line":81,"column":4},"end":{"line":81,"column":21}},"44":{"start":{"line":85,"column":32},"end":{"line":91,"column":3}},"45":{"start":{"line":86,"column":4},"end":{"line":90,"column":7}},"46":{"start":{"line":87,"column":31},"end":{"line":87,"column":40}},"47":{"start":{"line":88,"column":6},"end":{"line":88,"column":39}},"48":{"start":{"line":89,"column":6},"end":{"line":89,"column":30}},"49":{"start":{"line":94,"column":2},"end":{"line":99,"column":26}},"50":{"start":{"line":96,"column":4},"end":{"line":98,"column":5}},"51":{"start":{"line":97,"column":6},"end":{"line":97,"column":33}},"52":{"start":{"line":102,"column":25},"end":{"line":105,"column":3}},"53":{"start":{"line":104,"column":4},"end":{"line":104,"column":21}},"54":{"start":{"line":108,"column":2},"end":{"line":115,"column":74}},"55":{"start":{"line":109,"column":4},"end":{"line":114,"column":5}},"56":{"start":{"line":111,"column":6},"end":{"line":111,"column":54}},"57":{"start":{"line":113,"column":6},"end":{"line":113,"column":23}},"58":{"start":{"line":118,"column":2},"end":{"line":123,"column":26}},"59":{"start":{"line":119,"column":4},"end":{"line":122,"column":5}},"60":{"start":{"line":121,"column":6},"end":{"line":121,"column":23}},"61":{"start":{"line":126,"column":2},"end":{"line":151,"column":30}},"62":{"start":{"line":127,"column":4},"end":{"line":150,"column":5}},"63":{"start":{"line":128,"column":35},"end":{"line":128,"column":37}},"64":{"start":{"line":130,"column":6},"end":{"line":143,"column":9}},"65":{"start":{"line":132,"column":26},"end":{"line":132,"column":27}},"66":{"start":{"line":133,"column":8},"end":{"line":137,"column":9}},"67":{"start":{"line":134,"column":10},"end":{"line":134,"column":49}},"68":{"start":{"line":136,"column":10},"end":{"line":136,"column":50}},"69":{"start":{"line":140,"column":8},"end":{"line":142,"column":9}},"70":{"start":{"line":141,"column":10},"end":{"line":141,"column":55}},"71":{"start":{"line":146,"column":6},"end":{"line":149,"column":9}},"72":{"start":{"line":148,"column":8},"end":{"line":148,"column":65}},"73":{"start":{"line":154,"column":25},"end":{"line":185,"column":3}},"74":{"start":{"line":155,"column":6},"end":{"line":155,"column":76}},"75":{"start":{"line":155,"column":69},"end":{"line":155,"column":76}},"76":{"start":{"line":157,"column":6},"end":{"line":157,"column":41}},"77":{"start":{"line":158,"column":6},"end":{"line":158,"column":28}},"78":{"start":{"line":160,"column":4},"end":{"line":184,"column":9}},"79":{"start":{"line":165,"column":21},"end":{"line":165,"column":31}},"80":{"start":{"line":167,"column":8},"end":{"line":167,"column":52}},"81":{"start":{"line":168,"column":24},"end":{"line":168,"column":131}},"82":{"start":{"line":168,"column":48},"end":{"line":168,"column":129}},"83":{"start":{"line":169,"column":25},"end":{"line":169,"column":93}},"84":{"start":{"line":169,"column":48},"end":{"line":169,"column":92}},"85":{"start":{"line":170,"column":24},"end":{"line":170,"column":131}},"86":{"start":{"line":170,"column":48},"end":{"line":170,"column":129}},"87":{"start":{"line":172,"column":8},"end":{"line":172,"column":51}},"88":{"start":{"line":173,"column":8},"end":{"line":173,"column":49}},"89":{"start":{"line":174,"column":8},"end":{"line":174,"column":49}},"90":{"start":{"line":176,"column":8},"end":{"line":176,"column":29}},"91":{"start":{"line":177,"column":8},"end":{"line":177,"column":29}},"92":{"start":{"line":178,"column":8},"end":{"line":178,"column":29}},"93":{"start":{"line":179,"column":8},"end":{"line":179,"column":31}},"94":{"start":{"line":182,"column":8},"end":{"line":182,"column":56}},"95":{"start":{"line":183,"column":8},"end":{"line":183,"column":31}},"96":{"start":{"line":199,"column":23},"end":{"line":243,"column":3}},"97":{"start":{"line":200,"column":35},"end":{"line":200,"column":46}},"98":{"start":{"line":203,"column":4},"end":{"line":203,"column":59}},"99":{"start":{"line":205,"column":20},"end":{"line":238,"column":6}},"100":{"start":{"line":208,"column":29},"end":{"line":208,"column":56}},"101":{"start":{"line":209,"column":6},"end":{"line":211,"column":7}},"102":{"start":{"line":210,"column":8},"end":{"line":210,"column":21}},"103":{"start":{"line":214,"column":6},"end":{"line":234,"column":7}},"104":{"start":{"line":215,"column":24},"end":{"line":215,"column":37}},"105":{"start":{"line":218,"column":8},"end":{"line":233,"column":9}},"106":{"start":{"line":219,"column":30},"end":{"line":219,"column":41}},"107":{"start":{"line":222,"column":10},"end":{"line":224,"column":11}},"108":{"start":{"line":223,"column":12},"end":{"line":223,"column":25}},"109":{"start":{"line":226,"column":22},"end":{"line":226,"column":62}},"110":{"start":{"line":227,"column":22},"end":{"line":227,"column":62}},"111":{"start":{"line":230,"column":10},"end":{"line":232,"column":11}},"112":{"start":{"line":231,"column":12},"end":{"line":231,"column":25}},"113":{"start":{"line":237,"column":6},"end":{"line":237,"column":18}},"114":{"start":{"line":240,"column":4},"end":{"line":240,"column":30}},"115":{"start":{"line":245,"column":2},"end":{"line":436,"column":5}},"116":{"start":{"line":337,"column":10},"end":{"line":337,"column":37}},"117":{"start":{"line":338,"column":10},"end":{"line":338,"column":37}},"118":{"start":{"line":339,"column":10},"end":{"line":339,"column":28}},"119":{"start":{"line":342,"column":10},"end":{"line":342,"column":38}},"120":{"start":{"line":343,"column":10},"end":{"line":343,"column":36}},"121":{"start":{"line":344,"column":10},"end":{"line":344,"column":28}},"122":{"start":{"line":347,"column":10},"end":{"line":347,"column":26}},"123":{"start":{"line":348,"column":10},"end":{"line":348,"column":37}},"124":{"start":{"line":349,"column":10},"end":{"line":349,"column":39}},"125":{"start":{"line":350,"column":10},"end":{"line":350,"column":39}},"126":{"start":{"line":353,"column":10},"end":{"line":353,"column":37}},"127":{"start":{"line":354,"column":10},"end":{"line":354,"column":27}},"128":{"start":{"line":355,"column":10},"end":{"line":355,"column":37}},"129":{"start":{"line":356,"column":10},"end":{"line":356,"column":39}},"130":{"start":{"line":359,"column":10},"end":{"line":359,"column":39}}},"fnMap":{"0":{"name":"App","decl":{"start":{"line":17,"column":9},"end":{"line":17,"column":12}},"loc":{"start":{"line":17,"column":15},"end":{"line":437,"column":1}},"line":17},"1":{"name":"(anonymous_1)","decl":{"start":{"line":38,"column":12},"end":{"line":38,"column":13}},"loc":{"start":{"line":38,"column":18},"end":{"line":47,"column":3}},"line":38},"2":{"name":"(anonymous_2)","decl":{"start":{"line":40,"column":29},"end":{"line":40,"column":30}},"loc":{"start":{"line":40,"column":35},"end":{"line":44,"column":5}},"line":40},"3":{"name":"(anonymous_3)","decl":{"start":{"line":43,"column":17},"end":{"line":43,"column":18}},"loc":{"start":{"line":43,"column":23},"end":{"line":43,"column":40}},"line":43},"4":{"name":"(anonymous_4)","decl":{"start":{"line":46,"column":11},"end":{"line":46,"column":12}},"loc":{"start":{"line":46,"column":17},"end":{"line":46,"column":36}},"line":46},"5":{"name":"(anonymous_5)","decl":{"start":{"line":49,"column":12},"end":{"line":49,"column":13}},"loc":{"start":{"line":49,"column":18},"end":{"line":70,"column":3}},"line":49},"6":{"name":"(anonymous_6)","decl":{"start":{"line":64,"column":12},"end":{"line":64,"column":13}},"loc":{"start":{"line":64,"column":21},"end":{"line":64,"column":31}},"line":64},"7":{"name":"(anonymous_7)","decl":{"start":{"line":65,"column":12},"end":{"line":65,"column":13}},"loc":{"start":{"line":65,"column":22},"end":{"line":68,"column":7}},"line":65},"8":{"name":"(anonymous_8)","decl":{"start":{"line":69,"column":13},"end":{"line":69,"column":14}},"loc":{"start":{"line":69,"column":19},"end":{"line":69,"column":36}},"line":69},"9":{"name":"(anonymous_9)","decl":{"start":{"line":73,"column":27},"end":{"line":73,"column":28}},"loc":{"start":{"line":73,"column":47},"end":{"line":82,"column":3}},"line":73},"10":{"name":"(anonymous_10)","decl":{"start":{"line":75,"column":27},"end":{"line":75,"column":28}},"loc":{"start":{"line":75,"column":36},"end":{"line":78,"column":5}},"line":75},"11":{"name":"(anonymous_11)","decl":{"start":{"line":85,"column":32},"end":{"line":85,"column":33}},"loc":{"start":{"line":85,"column":45},"end":{"line":91,"column":3}},"line":85},"12":{"name":"(anonymous_12)","decl":{"start":{"line":86,"column":27},"end":{"line":86,"column":28}},"loc":{"start":{"line":86,"column":35},"end":{"line":90,"column":5}},"line":86},"13":{"name":"(anonymous_13)","decl":{"start":{"line":94,"column":12},"end":{"line":94,"column":13}},"loc":{"start":{"line":94,"column":18},"end":{"line":99,"column":3}},"line":94},"14":{"name":"(anonymous_14)","decl":{"start":{"line":102,"column":25},"end":{"line":102,"column":26}},"loc":{"start":{"line":102,"column":38},"end":{"line":105,"column":3}},"line":102},"15":{"name":"(anonymous_15)","decl":{"start":{"line":108,"column":12},"end":{"line":108,"column":13}},"loc":{"start":{"line":108,"column":18},"end":{"line":115,"column":3}},"line":108},"16":{"name":"(anonymous_16)","decl":{"start":{"line":118,"column":12},"end":{"line":118,"column":13}},"loc":{"start":{"line":118,"column":18},"end":{"line":123,"column":3}},"line":118},"17":{"name":"(anonymous_17)","decl":{"start":{"line":126,"column":12},"end":{"line":126,"column":13}},"loc":{"start":{"line":126,"column":18},"end":{"line":151,"column":3}},"line":126},"18":{"name":"(anonymous_18)","decl":{"start":{"line":130,"column":22},"end":{"line":130,"column":23}},"loc":{"start":{"line":130,"column":31},"end":{"line":143,"column":7}},"line":130},"19":{"name":"(anonymous_19)","decl":{"start":{"line":146,"column":29},"end":{"line":146,"column":30}},"loc":{"start":{"line":146,"column":50},"end":{"line":149,"column":7}},"line":146},"20":{"name":"(anonymous_20)","decl":{"start":{"line":154,"column":25},"end":{"line":154,"column":26}},"loc":{"start":{"line":154,"column":31},"end":{"line":185,"column":3}},"line":154},"21":{"name":"(anonymous_21)","decl":{"start":{"line":165,"column":12},"end":{"line":165,"column":13}},"loc":{"start":{"line":165,"column":21},"end":{"line":165,"column":31}},"line":165},"22":{"name":"(anonymous_22)","decl":{"start":{"line":166,"column":12},"end":{"line":166,"column":13}},"loc":{"start":{"line":166,"column":22},"end":{"line":180,"column":7}},"line":166},"23":{"name":"(anonymous_23)","decl":{"start":{"line":168,"column":36},"end":{"line":168,"column":37}},"loc":{"start":{"line":168,"column":48},"end":{"line":168,"column":129}},"line":168},"24":{"name":"(anonymous_24)","decl":{"start":{"line":169,"column":37},"end":{"line":169,"column":38}},"loc":{"start":{"line":169,"column":48},"end":{"line":169,"column":92}},"line":169},"25":{"name":"(anonymous_25)","decl":{"start":{"line":170,"column":36},"end":{"line":170,"column":37}},"loc":{"start":{"line":170,"column":48},"end":{"line":170,"column":129}},"line":170},"26":{"name":"(anonymous_26)","decl":{"start":{"line":181,"column":13},"end":{"line":181,"column":14}},"loc":{"start":{"line":181,"column":24},"end":{"line":184,"column":7}},"line":181},"27":{"name":"(anonymous_27)","decl":{"start":{"line":199,"column":23},"end":{"line":199,"column":24}},"loc":{"start":{"line":199,"column":40},"end":{"line":243,"column":3}},"line":199},"28":{"name":"(anonymous_28)","decl":{"start":{"line":205,"column":34},"end":{"line":205,"column":35}},"loc":{"start":{"line":205,"column":46},"end":{"line":238,"column":5}},"line":205},"29":{"name":"(anonymous_29)","decl":{"start":{"line":336,"column":23},"end":{"line":336,"column":24}},"loc":{"start":{"line":336,"column":29},"end":{"line":340,"column":9}},"line":336},"30":{"name":"(anonymous_30)","decl":{"start":{"line":341,"column":21},"end":{"line":341,"column":22}},"loc":{"start":{"line":341,"column":27},"end":{"line":345,"column":9}},"line":341},"31":{"name":"(anonymous_31)","decl":{"start":{"line":346,"column":20},"end":{"line":346,"column":21}},"loc":{"start":{"line":346,"column":26},"end":{"line":351,"column":9}},"line":346},"32":{"name":"(anonymous_32)","decl":{"start":{"line":352,"column":22},"end":{"line":352,"column":23}},"loc":{"start":{"line":352,"column":28},"end":{"line":357,"column":9}},"line":352},"33":{"name":"(anonymous_33)","decl":{"start":{"line":358,"column":24},"end":{"line":358,"column":25}},"loc":{"start":{"line":358,"column":30},"end":{"line":360,"column":9}},"line":358}},"branchMap":{"0":{"loc":{"start":{"line":50,"column":4},"end":{"line":58,"column":7}},"type":"if","locations":[{"start":{"line":50,"column":4},"end":{"line":58,"column":7}},{"start":{},"end":{}}],"line":50},"1":{"loc":{"start":{"line":50,"column":8},"end":{"line":50,"column":57}},"type":"binary-expr","locations":[{"start":{"line":50,"column":8},"end":{"line":50,"column":28}},{"start":{"line":50,"column":32},"end":{"line":50,"column":57}}],"line":50},"2":{"loc":{"start":{"line":96,"column":4},"end":{"line":98,"column":5}},"type":"if","locations":[{"start":{"line":96,"column":4},"end":{"line":98,"column":5}},{"start":{},"end":{}}],"line":96},"3":{"loc":{"start":{"line":96,"column":8},"end":{"line":96,"column":29}},"type":"binary-expr","locations":[{"start":{"line":96,"column":8},"end":{"line":96,"column":21}},{"start":{"line":96,"column":25},"end":{"line":96,"column":29}}],"line":96},"4":{"loc":{"start":{"line":109,"column":4},"end":{"line":114,"column":5}},"type":"if","locations":[{"start":{"line":109,"column":4},"end":{"line":114,"column":5}},{"start":{},"end":{}}],"line":109},"5":{"loc":{"start":{"line":109,"column":8},"end":{"line":109,"column":79}},"type":"binary-expr","locations":[{"start":{"line":109,"column":8},"end":{"line":109,"column":26}},{"start":{"line":109,"column":30},"end":{"line":109,"column":46}},{"start":{"line":109,"column":50},"end":{"line":109,"column":57}},{"start":{"line":109,"column":61},"end":{"line":109,"column":79}}],"line":109},"6":{"loc":{"start":{"line":119,"column":4},"end":{"line":122,"column":5}},"type":"if","locations":[{"start":{"line":119,"column":4},"end":{"line":122,"column":5}},{"start":{},"end":{}}],"line":119},"7":{"loc":{"start":{"line":119,"column":8},"end":{"line":119,"column":27}},"type":"binary-expr","locations":[{"start":{"line":119,"column":8},"end":{"line":119,"column":20}},{"start":{"line":119,"column":24},"end":{"line":119,"column":27}}],"line":119},"8":{"loc":{"start":{"line":127,"column":4},"end":{"line":150,"column":5}},"type":"if","locations":[{"start":{"line":127,"column":4},"end":{"line":150,"column":5}},{"start":{},"end":{}}],"line":127},"9":{"loc":{"start":{"line":127,"column":8},"end":{"line":127,"column":53}},"type":"binary-expr","locations":[{"start":{"line":127,"column":8},"end":{"line":127,"column":15}},{"start":{"line":127,"column":19},"end":{"line":127,"column":37}},{"start":{"line":127,"column":41},"end":{"line":127,"column":53}}],"line":127},"10":{"loc":{"start":{"line":133,"column":8},"end":{"line":137,"column":9}},"type":"if","locations":[{"start":{"line":133,"column":8},"end":{"line":137,"column":9}},{"start":{"line":135,"column":15},"end":{"line":137,"column":9}}],"line":133},"11":{"loc":{"start":{"line":134,"column":24},"end":{"line":134,"column":48}},"type":"binary-expr","locations":[{"start":{"line":134,"column":24},"end":{"line":134,"column":43}},{"start":{"line":134,"column":47},"end":{"line":134,"column":48}}],"line":134},"12":{"loc":{"start":{"line":136,"column":24},"end":{"line":136,"column":49}},"type":"binary-expr","locations":[{"start":{"line":136,"column":24},"end":{"line":136,"column":44}},{"start":{"line":136,"column":48},"end":{"line":136,"column":49}}],"line":136},"13":{"loc":{"start":{"line":140,"column":8},"end":{"line":142,"column":9}},"type":"if","locations":[{"start":{"line":140,"column":8},"end":{"line":142,"column":9}},{"start":{},"end":{}}],"line":140},"14":{"loc":{"start":{"line":155,"column":6},"end":{"line":155,"column":76}},"type":"if","locations":[{"start":{"line":155,"column":6},"end":{"line":155,"column":76}},{"start":{},"end":{}}],"line":155},"15":{"loc":{"start":{"line":155,"column":10},"end":{"line":155,"column":67}},"type":"binary-expr","locations":[{"start":{"line":155,"column":10},"end":{"line":155,"column":30}},{"start":{"line":155,"column":34},"end":{"line":155,"column":59}},{"start":{"line":155,"column":63},"end":{"line":155,"column":67}}],"line":155},"16":{"loc":{"start":{"line":168,"column":48},"end":{"line":168,"column":129}},"type":"binary-expr","locations":[{"start":{"line":168,"column":48},"end":{"line":168,"column":93}},{"start":{"line":168,"column":97},"end":{"line":168,"column":129}}],"line":168},"17":{"loc":{"start":{"line":170,"column":48},"end":{"line":170,"column":129}},"type":"binary-expr","locations":[{"start":{"line":170,"column":48},"end":{"line":170,"column":93}},{"start":{"line":170,"column":97},"end":{"line":170,"column":129}}],"line":170},"18":{"loc":{"start":{"line":208,"column":29},"end":{"line":208,"column":56}},"type":"binary-expr","locations":[{"start":{"line":208,"column":29},"end":{"line":208,"column":44}},{"start":{"line":208,"column":48},"end":{"line":208,"column":56}}],"line":208},"19":{"loc":{"start":{"line":209,"column":6},"end":{"line":211,"column":7}},"type":"if","locations":[{"start":{"line":209,"column":6},"end":{"line":211,"column":7}},{"start":{},"end":{}}],"line":209},"20":{"loc":{"start":{"line":218,"column":8},"end":{"line":233,"column":9}},"type":"if","locations":[{"start":{"line":218,"column":8},"end":{"line":233,"column":9}},{"start":{},"end":{}}],"line":218},"21":{"loc":{"start":{"line":222,"column":10},"end":{"line":224,"column":11}},"type":"if","locations":[{"start":{"line":222,"column":10},"end":{"line":224,"column":11}},{"start":{},"end":{}}],"line":222},"22":{"loc":{"start":{"line":230,"column":10},"end":{"line":232,"column":11}},"type":"if","locations":[{"start":{"line":230,"column":10},"end":{"line":232,"column":11}},{"start":{},"end":{}}],"line":230},"23":{"loc":{"start":{"line":230,"column":14},"end":{"line":230,"column":52}},"type":"binary-expr","locations":[{"start":{"line":230,"column":14},"end":{"line":230,"column":31}},{"start":{"line":230,"column":35},"end":{"line":230,"column":52}}],"line":230},"24":{"loc":{"start":{"line":245,"column":11},"end":{"line":436,"column":3}},"type":"cond-expr","locations":[{"start":{"line":246,"column":4},"end":{"line":291,"column":5}},{"start":{"line":292,"column":7},"end":{"line":432,"column":5}}],"line":245},"25":{"loc":{"start":{"line":250,"column":82},"end":{"line":250,"column":113}},"type":"cond-expr","locations":[{"start":{"line":250,"column":101},"end":{"line":250,"column":108}},{"start":{"line":250,"column":111},"end":{"line":250,"column":113}}],"line":250},"26":{"loc":{"start":{"line":292,"column":7},"end":{"line":432,"column":5}},"type":"cond-expr","locations":[{"start":{"line":293,"column":4},"end":{"line":319,"column":10}},{"start":{"line":322,"column":2},"end":{"line":432,"column":5}}],"line":292},"27":{"loc":{"start":{"line":292,"column":7},"end":{"line":292,"column":115}},"type":"binary-expr","locations":[{"start":{"line":292,"column":7},"end":{"line":292,"column":10}},{"start":{"line":292,"column":15},"end":{"line":292,"column":24}},{"start":{"line":292,"column":28},"end":{"line":292,"column":53}},{"start":{"line":292,"column":57},"end":{"line":292,"column":87}},{"start":{"line":292,"column":91},"end":{"line":292,"column":114}}],"line":292},"28":{"loc":{"start":{"line":294,"column":7},"end":{"line":304,"column":7}},"type":"cond-expr","locations":[{"start":{"line":295,"column":8},"end":{"line":298,"column":11}},{"start":{"line":300,"column":8},"end":{"line":303,"column":11}}],"line":294},"29":{"loc":{"start":{"line":294,"column":7},"end":{"line":294,"column":40}},"type":"binary-expr","locations":[{"start":{"line":294,"column":7},"end":{"line":294,"column":19}},{"start":{"line":294,"column":23},"end":{"line":294,"column":40}}],"line":294},"30":{"loc":{"start":{"line":363,"column":79},"end":{"line":363,"column":119}},"type":"cond-expr","locations":[{"start":{"line":363,"column":99},"end":{"line":363,"column":107}},{"start":{"line":363,"column":110},"end":{"line":363,"column":119}}],"line":363},"31":{"loc":{"start":{"line":364,"column":10},"end":{"line":376,"column":9}},"type":"cond-expr","locations":[{"start":{"line":365,"column":10},"end":{"line":365,"column":55}},{"start":{"line":367,"column":10},"end":{"line":375,"column":10}}],"line":364},"32":{"loc":{"start":{"line":396,"column":80},"end":{"line":396,"column":122}},"type":"cond-expr","locations":[{"start":{"line":396,"column":102},"end":{"line":396,"column":110}},{"start":{"line":396,"column":113},"end":{"line":396,"column":122}}],"line":396},"33":{"loc":{"start":{"line":403,"column":50},"end":{"line":403,"column":81}},"type":"cond-expr","locations":[{"start":{"line":403,"column":61},"end":{"line":403,"column":69}},{"start":{"line":403,"column":72},"end":{"line":403,"column":81}}],"line":403},"34":{"loc":{"start":{"line":409,"column":80},"end":{"line":409,"column":122}},"type":"cond-expr","locations":[{"start":{"line":409,"column":102},"end":{"line":409,"column":110}},{"start":{"line":409,"column":113},"end":{"line":409,"column":122}}],"line":409},"35":{"loc":{"start":{"line":410,"column":11},"end":{"line":412,"column":11}},"type":"binary-expr","locations":[{"start":{"line":410,"column":11},"end":{"line":410,"column":33}},{"start":{"line":411,"column":12},"end":{"line":411,"column":40}}],"line":410},"36":{"loc":{"start":{"line":413,"column":11},"end":{"line":418,"column":11}},"type":"binary-expr","locations":[{"start":{"line":413,"column":11},"end":{"line":413,"column":34}},{"start":{"line":414,"column":12},"end":{"line":417,"column":18}}],"line":413},"37":{"loc":{"start":{"line":422,"column":7},"end":{"line":429,"column":7}},"type":"binary-expr","locations":[{"start":{"line":422,"column":7},"end":{"line":422,"column":19}},{"start":{"line":422,"column":23},"end":{"line":422,"column":26}},{"start":{"line":423,"column":8},"end":{"line":428,"column":10}}],"line":422},"38":{"loc":{"start":{"line":430,"column":8},"end":{"line":430,"column":38}},"type":"cond-expr","locations":[{"start":{"line":430,"column":14},"end":{"line":430,"column":31}},{"start":{"line":430,"column":34},"end":{"line":430,"column":38}}],"line":430}},"s":{"0":0,"1":0,"2":0,"3":0,"4":0,"5":0,"6":0,"7":0,"8":0,"9":0,"10":0,"11":0,"12":0,"13":0,"14":0,"15":0,"16":0,"17":0,"18":0,"19":0,"20":0,"21":0,"22":0,"23":0,"24":0,"25":0,"26":0,"27":0,"28":0,"29":0,"30":0,"31":0,"32":0,"33":0,"34":0,"35":0,"36":0,"37":0,"38":0,"39":0,"40":0,"41":0,"42":0,"43":0,"44":0,"45":0,"46":0,"47":0,"48":0,"49":0,"50":0,"51":0,"52":0,"53":0,"54":0,"55":0,"56":0,"57":0,"58":0,"59":0,"60":0,"61":0,"62":0,"63":0,"64":0,"65":0,"66":0,"67":0,"68":0,"69":0,"70":0,"71":0,"72":0,"73":0,"74":0,"75":0,"76":0,"77":0,"78":0,"79":0,"80":0,"81":0,"82":0,"83":0,"84":0,"85":0,"86":0,"87":0,"88":0,"89":0,"90":0,"91":0,"92":0,"93":0,"94":0,"95":0,"96":0,"97":0,"98":0,"99":0,"100":0,"101":0,"102":0,"103":0,"104":0,"105":0,"106":0,"107":0,"108":0,"109":0,"110":0,"111":0,"112":0,"113":0,"114":0,"115":0,"116":0,"117":0,"118":0,"119":0,"120":0,"121":0,"122":0,"123":0,"124":0,"125":0,"126":0,"127":0,"128":0,"129":0,"130":0},"f":{"0":0,"1":0,"2":0,"3":0,"4":0,"5":0,"6":0,"7":0,"8":0,"9":0,"10":0,"11":0,"12":0,"13":0,"14":0,"15":0,"16":0,"17":0,"18":0,"19":0,"20":0,"21":0,"22":0,"23":0,"24":0,"25":0,"26":0,"27":0,"28":0,"29":0,"30":0,"31":0,"32":0,"33":0},"b":{"0":[0,0],"1":[0,0],"2":[0,0],"3":[0,0],"4":[0,0],"5":[0,0,0,0],"6":[0,0],"7":[0,0],"8":[0,0],"9":[0,0,0],"10":[0,0],"11":[0,0],"12":[0,0],"13":[0,0],"14":[0,0],"15":[0,0,0],"16":[0,0],"17":[0,0],"18":[0,0],"19":[0,0],"20":[0,0],"21":[0,0],"22":[0,0],"23":[0,0],"24":[0,0],"25":[0,0],"26":[0,0],"27":[0,0,0,0,0],"28":[0,0],"29":[0,0],"30":[0,0],"31":[0,0],"32":[0,0],"33":[0,0],"34":[0,0],"35":[0,0],"36":[0,0],"37":[0,0,0],"38":[0,0]}}
,"/mnt/c/Users/edward.mccormick/IdeaProjects/gowebserver/react-vite-poc/src/main.jsx": {"path":"/mnt/c/Users/edward.mccormick/IdeaProjects/gowebserver/react-vite-poc/src/main.jsx","statementMap":{"0":{"start":{"line":6,"column":0},"end":{"line":10,"column":1}}},"fnMap":{},"branchMap":{},"s":{"0":0},"f":{},"b":{}}
,"/mnt/c/Users/edward.mccormick/IdeaProjects/gowebserver/react-vite-poc/src/components/DetailFlag.jsx": {"path":"/mnt/c/Users/edward.mccormick/IdeaProjects/gowebserver/react-vite-poc/src/components/DetailFlag.jsx","statementMap":{"0":{"start":{"line":8,"column":27},"end":{"line":21,"column":1}},"1":{"start":{"line":23,"column":19},"end":{"line":86,"column":1}},"2":{"start":{"line":24,"column":2},"end":{"line":26,"column":3}},"3":{"start":{"line":25,"column":4},"end":{"line":25,"column":16}},"4":{"start":{"line":29,"column":26},"end":{"line":29,"column":58}},"5":{"start":{"line":32,"column":27},"end":{"line":41,"column":3}},"6":{"start":{"line":34,"column":16},"end":{"line":34,"column":69}},"7":{"start":{"line":37,"column":18},"end":{"line":37,"column":64}},"8":{"start":{"line":40,"column":4},"end":{"line":40,"column":38}},"9":{"start":{"line":43,"column":20},"end":{"line":43,"column":53}},"10":{"start":{"line":46,"column":22},"end":{"line":46,"column":81}},"11":{"start":{"line":49,"column":20},"end":{"line":49,"column":46}},"12":{"start":{"line":50,"column":2},"end":{"line":52,"column":3}},"13":{"start":{"line":51,"column":4},"end":{"line":51,"column":54}},"14":{"start":{"line":56,"column":4},"end":{"line":68,"column":11}},"15":{"start":{"line":71,"column":2},"end":{"line":85,"column":4}},"16":{"start":{"line":77,"column":10},"end":{"line":79,"column":20}}},"fnMap":{"0":{"name":"(anonymous_0)","decl":{"start":{"line":23,"column":19},"end":{"line":23,"column":20}},"loc":{"start":{"line":23,"column":45},"end":{"line":86,"column":1}},"line":23},"1":{"name":"(anonymous_1)","decl":{"start":{"line":32,"column":27},"end":{"line":32,"column":28}},"loc":{"start":{"line":32,"column":38},"end":{"line":41,"column":3}},"line":32},"2":{"name":"(anonymous_2)","decl":{"start":{"line":76,"column":17},"end":{"line":76,"column":18}},"loc":{"start":{"line":77,"column":10},"end":{"line":79,"column":20}},"line":77}},"branchMap":{"0":{"loc":{"start":{"line":24,"column":2},"end":{"line":26,"column":3}},"type":"if","locations":[{"start":{"line":24,"column":2},"end":{"line":26,"column":3}},{"start":{},"end":{}}],"line":24},"1":{"loc":{"start":{"line":24,"column":6},"end":{"line":24,"column":43}},"type":"binary-expr","locations":[{"start":{"line":24,"column":6},"end":{"line":24,"column":25}},{"start":{"line":24,"column":29},"end":{"line":24,"column":43}}],"line":24},"2":{"loc":{"start":{"line":34,"column":16},"end":{"line":34,"column":69}},"type":"cond-expr","locations":[{"start":{"line":34,"column":29},"end":{"line":34,"column":32}},{"start":{"line":34,"column":35},"end":{"line":34,"column":69}}],"line":34},"3":{"loc":{"start":{"line":37,"column":18},"end":{"line":37,"column":64}},"type":"cond-expr","locations":[{"start":{"line":37,"column":31},"end":{"line":37,"column":58}},{"start":{"line":37,"column":61},"end":{"line":37,"column":64}}],"line":37},"4":{"loc":{"start":{"line":46,"column":22},"end":{"line":46,"column":81}},"type":"binary-expr","locations":[{"start":{"line":46,"column":22},"end":{"line":46,"column":51}},{"start":{"line":46,"column":55},"end":{"line":46,"column":81}}],"line":46},"5":{"loc":{"start":{"line":50,"column":2},"end":{"line":52,"column":3}},"type":"if","locations":[{"start":{"line":50,"column":2},"end":{"line":52,"column":3}},{"start":{},"end":{}}],"line":50},"6":{"loc":{"start":{"line":50,"column":6},"end":{"line":50,"column":100}},"type":"binary-expr","locations":[{"start":{"line":50,"column":6},"end":{"line":50,"column":24}},{"start":{"line":50,"column":28},"end":{"line":50,"column":61}},{"start":{"line":50,"column":65},"end":{"line":50,"column":100}}],"line":50}},"s":{"0":1,"1":1,"2":0,"3":0,"4":0,"5":0,"6":0,"7":0,"8":0,"9":0,"10":0,"11":0,"12":0,"13":0,"14":0,"15":0,"16":0},"f":{"0":0,"1":0,"2":0},"b":{"0":[0,0],"1":[0,0],"2":[0,0],"3":[0,0],"4":[0,0],"5":[0,0],"6":[0,0,0]},"_coverageSchema":"1a1c01bbd47fc00a2c39e90264f33305004495a9","hash":"b5eb4dc12fd6bc838e5b48b45e9e7a2e2c9fbdaf"}
,"/mnt/c/Users/edward.mccormick/IdeaProjects/gowebserver/react-vite-poc/src/components/DetailFlags.jsx": {"path":"/mnt/c/Users/edward.mccormick/IdeaProjects/gowebserver/react-vite-poc/src/components/DetailFlags.jsx","statementMap":{"0":{"start":{"line":11,"column":20},"end":{"line":50,"column":1}},"1":{"start":{"line":12,"column":2},"end":{"line":14,"column":3}},"2":{"start":{"line":13,"column":4},"end":{"line":13,"column":16}},"3":{"start":{"line":16,"column":26},"end":{"line":16,"column":53}},"4":{"start":{"line":17,"column":21},"end":{"line":17,"column":49}},"5":{"start":{"line":20,"column":2},"end":{"line":22,"column":3}},"6":{"start":{"line":21,"column":4},"end":{"line":21,"column":16}},"7":{"start":{"line":24,"column":19},"end":{"line":24,"column":29}},"8":{"start":{"line":27,"column":2},"end":{"line":31,"column":3}},"9":{"start":{"line":28,"column":4},"end":{"line":30,"column":7}},"10":{"start":{"line":29,"column":6},"end":{"line":29,"column":53}},"11":{"start":{"line":34,"column":2},"end":{"line":36,"column":3}},"12":{"start":{"line":35,"column":4},"end":{"line":35,"column":44}},"13":{"start":{"line":38,"column":2},"end":{"line":49,"column":4}},"14":{"start":{"line":41,"column":8},"end":{"line":41,"column":69}}},"fnMap":{"0":{"name":"(anonymous_0)","decl":{"start":{"line":11,"column":20},"end":{"line":11,"column":21}},"loc":{"start":{"line":11,"column":67},"end":{"line":50,"column":1}},"line":11},"1":{"name":"(anonymous_1)","decl":{"start":{"line":28,"column":38},"end":{"line":28,"column":39}},"loc":{"start":{"line":28,"column":48},"end":{"line":30,"column":5}},"line":28},"2":{"name":"(anonymous_2)","decl":{"start":{"line":40,"column":22},"end":{"line":40,"column":23}},"loc":{"start":{"line":41,"column":8},"end":{"line":41,"column":69}},"line":41}},"branchMap":{"0":{"loc":{"start":{"line":11,"column":32},"end":{"line":11,"column":41}},"type":"default-arg","locations":[{"start":{"line":11,"column":40},"end":{"line":11,"column":41}}],"line":11},"1":{"loc":{"start":{"line":11,"column":43},"end":{"line":11,"column":60}},"type":"default-arg","locations":[{"start":{"line":11,"column":55},"end":{"line":11,"column":60}}],"line":11},"2":{"loc":{"start":{"line":12,"column":2},"end":{"line":14,"column":3}},"type":"if","locations":[{"start":{"line":12,"column":2},"end":{"line":14,"column":3}},{"start":{},"end":{}}],"line":12},"3":{"loc":{"start":{"line":20,"column":2},"end":{"line":22,"column":3}},"type":"if","locations":[{"start":{"line":20,"column":2},"end":{"line":22,"column":3}},{"start":{},"end":{}}],"line":20},"4":{"loc":{"start":{"line":27,"column":2},"end":{"line":31,"column":3}},"type":"if","locations":[{"start":{"line":27,"column":2},"end":{"line":31,"column":3}},{"start":{},"end":{}}],"line":27},"5":{"loc":{"start":{"line":34,"column":2},"end":{"line":36,"column":3}},"type":"if","locations":[{"start":{"line":34,"column":2},"end":{"line":36,"column":3}},{"start":{},"end":{}}],"line":34},"6":{"loc":{"start":{"line":45,"column":7},"end":{"line":47,"column":7}},"type":"binary-expr","locations":[{"start":{"line":45,"column":7},"end":{"line":45,"column":16}},{"start":{"line":45,"column":20},"end":{"line":45,"column":45}},{"start":{"line":46,"column":8},"end":{"line":46,"column":85}}],"line":45}},"s":{"0":0,"1":0,"2":0,"3":0,"4":0,"5":0,"6":0,"7":0,"8":0,"9":0,"10":0,"11":0,"12":0,"13":0,"14":0},"f":{"0":0,"1":0,"2":0},"b":{"0":[0],"1":[0],"2":[0,0],"3":[0,0],"4":[0,0],"5":[0,0],"6":[0,0,0]}}
,"/mnt/c/Users/edward.mccormick/IdeaProjects/gowebserver/react-vite-poc/src/components/MatchMap.jsx": {"path":"/mnt/c/Users/edward.mccormick/IdeaProjects/gowebserver/react-vite-poc/src/components/MatchMap.jsx","statementMap":{"0":{"start":{"line":6,"column":23},"end":{"line":6,"column":35}},"1":{"start":{"line":7,"column":14},"end":{"line":7,"column":26}},"2":{"start":{"line":9,"column":2},"end":{"line":53,"column":21}},"3":{"start":{"line":10,"column":4},"end":{"line":10,"column":47}},"4":{"start":{"line":10,"column":40},"end":{"line":10,"column":47}},"5":{"start":{"line":13,"column":4},"end":{"line":13,"column":63}},"6":{"start":{"line":16,"column":4},"end":{"line":29,"column":23}},"7":{"start":{"line":32,"column":4},"end":{"line":35,"column":26}},"8":{"start":{"line":38,"column":4},"end":{"line":50,"column":7}},"9":{"start":{"line":39,"column":6},"end":{"line":49,"column":28}},"10":{"start":{"line":52,"column":4},"end":{"line":52,"column":39}},"11":{"start":{"line":52,"column":17},"end":{"line":52,"column":38}},"12":{"start":{"line":55,"column":2},"end":{"line":55,"column":79}}},"fnMap":{"0":{"name":"MatchMap","decl":{"start":{"line":5,"column":9},"end":{"line":5,"column":17}},"loc":{"start":{"line":5,"column":36},"end":{"line":56,"column":1}},"line":5},"1":{"name":"(anonymous_1)","decl":{"start":{"line":9,"column":12},"end":{"line":9,"column":13}},"loc":{"start":{"line":9,"column":18},"end":{"line":53,"column":3}},"line":9},"2":{"name":"(anonymous_2)","decl":{"start":{"line":38,"column":19},"end":{"line":38,"column":20}},"loc":{"start":{"line":38,"column":31},"end":{"line":50,"column":5}},"line":38},"3":{"name":"(anonymous_3)","decl":{"start":{"line":52,"column":11},"end":{"line":52,"column":12}},"loc":{"start":{"line":52,"column":17},"end":{"line":52,"column":38}},"line":52}},"branchMap":{"0":{"loc":{"start":{"line":10,"column":4},"end":{"line":10,"column":47}},"type":"if","locations":[{"start":{"line":10,"column":4},"end":{"line":10,"column":47}},{"start":{},"end":{}}],"line":10},"1":{"loc":{"start":{"line":10,"column":8},"end":{"line":10,"column":38}},"type":"binary-expr","locations":[{"start":{"line":10,"column":8},"end":{"line":10,"column":29}},{"start":{"line":10,"column":33},"end":{"line":10,"column":38}}],"line":10},"2":{"loc":{"start":{"line":43,"column":24},"end":{"line":43,"column":60}},"type":"binary-expr","locations":[{"start":{"line":43,"column":24},"end":{"line":43,"column":42}},{"start":{"line":43,"column":46},"end":{"line":43,"column":60}}],"line":43}},"s":{"0":0,"1":0,"2":0,"3":0,"4":0,"5":0,"6":0,"7":0,"8":0,"9":0,"10":0,"11":0,"12":0},"f":{"0":0,"1":0,"2":0,"3":0},"b":{"0":[0,0],"1":[0,0],"2":[0,0]}}
,"/mnt/c/Users/edward.mccormick/IdeaProjects/gowebserver/react-vite-poc/src/components/admindashboard.jsx": {"path":"/mnt/c/Users/edward.mccormick/IdeaProjects/gowebserver/react-vite-poc/src/components/admindashboard.jsx","statementMap":{"0":{"start":{"line":6,"column":28},"end":{"line":6,"column":40}},"1":{"start":{"line":7,"column":28},"end":{"line":7,"column":40}},"2":{"start":{"line":8,"column":44},"end":{"line":11,"column":4}},"3":{"start":{"line":12,"column":32},"end":{"line":16,"column":4}},"4":{"start":{"line":17,"column":28},"end":{"line":21,"column":4}},"5":{"start":{"line":24,"column":2},"end":{"line":48,"column":12}},"6":{"start":{"line":25,"column":4},"end":{"line":25,"column":21}},"7":{"start":{"line":25,"column":14},"end":{"line":25,"column":21}},"8":{"start":{"line":27,"column":4},"end":{"line":27,"column":51}},"9":{"start":{"line":27,"column":24},"end":{"line":27,"column":48}},"10":{"start":{"line":28,"column":4},"end":{"line":47,"column":9}},"11":{"start":{"line":34,"column":8},"end":{"line":36,"column":9}},"12":{"start":{"line":35,"column":10},"end":{"line":35,"column":63}},"13":{"start":{"line":37,"column":8},"end":{"line":37,"column":26}},"14":{"start":{"line":40,"column":8},"end":{"line":40,"column":23}},"15":{"start":{"line":41,"column":8},"end":{"line":41,"column":56}},"16":{"start":{"line":41,"column":28},"end":{"line":41,"column":53}},"17":{"start":{"line":44,"column":8},"end":{"line":44,"column":52}},"18":{"start":{"line":45,"column":8},"end":{"line":45,"column":60}},"19":{"start":{"line":45,"column":26},"end":{"line":45,"column":57}},"20":{"start":{"line":46,"column":8},"end":{"line":46,"column":56}},"21":{"start":{"line":46,"column":28},"end":{"line":46,"column":53}},"22":{"start":{"line":51,"column":2},"end":{"line":75,"column":12}},"23":{"start":{"line":52,"column":4},"end":{"line":52,"column":21}},"24":{"start":{"line":52,"column":14},"end":{"line":52,"column":21}},"25":{"start":{"line":54,"column":4},"end":{"line":54,"column":51}},"26":{"start":{"line":54,"column":24},"end":{"line":54,"column":48}},"27":{"start":{"line":55,"column":4},"end":{"line":74,"column":9}},"28":{"start":{"line":61,"column":8},"end":{"line":63,"column":9}},"29":{"start":{"line":62,"column":10},"end":{"line":62,"column":63}},"30":{"start":{"line":64,"column":8},"end":{"line":64,"column":26}},"31":{"start":{"line":67,"column":8},"end":{"line":67,"column":23}},"32":{"start":{"line":68,"column":8},"end":{"line":68,"column":56}},"33":{"start":{"line":68,"column":28},"end":{"line":68,"column":53}},"34":{"start":{"line":71,"column":8},"end":{"line":71,"column":52}},"35":{"start":{"line":72,"column":8},"end":{"line":72,"column":60}},"36":{"start":{"line":72,"column":26},"end":{"line":72,"column":57}},"37":{"start":{"line":73,"column":8},"end":{"line":73,"column":56}},"38":{"start":{"line":73,"column":28},"end":{"line":73,"column":53}},"39":{"start":{"line":78,"column":2},"end":{"line":102,"column":12}},"40":{"start":{"line":79,"column":4},"end":{"line":79,"column":21}},"41":{"start":{"line":79,"column":14},"end":{"line":79,"column":21}},"42":{"start":{"line":81,"column":4},"end":{"line":81,"column":52}},"43":{"start":{"line":81,"column":24},"end":{"line":81,"column":49}},"44":{"start":{"line":82,"column":4},"end":{"line":101,"column":9}},"45":{"start":{"line":88,"column":8},"end":{"line":90,"column":9}},"46":{"start":{"line":89,"column":10},"end":{"line":89,"column":63}},"47":{"start":{"line":91,"column":8},"end":{"line":91,"column":26}},"48":{"start":{"line":94,"column":8},"end":{"line":94,"column":31}},"49":{"start":{"line":95,"column":8},"end":{"line":95,"column":57}},"50":{"start":{"line":95,"column":28},"end":{"line":95,"column":54}},"51":{"start":{"line":98,"column":8},"end":{"line":98,"column":61}},"52":{"start":{"line":99,"column":8},"end":{"line":99,"column":61}},"53":{"start":{"line":99,"column":26},"end":{"line":99,"column":58}},"54":{"start":{"line":100,"column":8},"end":{"line":100,"column":57}},"55":{"start":{"line":100,"column":28},"end":{"line":100,"column":54}},"56":{"start":{"line":105,"column":24},"end":{"line":131,"column":3}},"57":{"start":{"line":106,"column":4},"end":{"line":130,"column":5}},"58":{"start":{"line":107,"column":23},"end":{"line":114,"column":8}},"59":{"start":{"line":116,"column":6},"end":{"line":118,"column":7}},"60":{"start":{"line":117,"column":8},"end":{"line":117,"column":66}},"61":{"start":{"line":121,"column":19},"end":{"line":121,"column":40}},"62":{"start":{"line":122,"column":6},"end":{"line":124,"column":9}},"63":{"start":{"line":123,"column":8},"end":{"line":123,"column":66}},"64":{"start":{"line":126,"column":6},"end":{"line":126,"column":83}},"65":{"start":{"line":128,"column":6},"end":{"line":128,"column":57}},"66":{"start":{"line":129,"column":6},"end":{"line":129,"column":61}},"67":{"start":{"line":133,"column":21},"end":{"line":141,"column":3}},"68":{"start":{"line":134,"column":4},"end":{"line":134,"column":34}},"69":{"start":{"line":134,"column":21},"end":{"line":134,"column":34}},"70":{"start":{"line":135,"column":4},"end":{"line":140,"column":5}},"71":{"start":{"line":136,"column":19},"end":{"line":136,"column":39}},"72":{"start":{"line":137,"column":6},"end":{"line":137,"column":67}},"73":{"start":{"line":139,"column":6},"end":{"line":139,"column":24}},"74":{"start":{"line":143,"column":2},"end":{"line":292,"column":4}},"75":{"start":{"line":169,"column":18},"end":{"line":185,"column":23}},"76":{"start":{"line":180,"column":39},"end":{"line":180,"column":77}},"77":{"start":{"line":210,"column":18},"end":{"line":216,"column":23}},"78":{"start":{"line":246,"column":26},"end":{"line":250,"column":31}},"79":{"start":{"line":275,"column":26},"end":{"line":280,"column":31}}},"fnMap":{"0":{"name":"AdminDashboard","decl":{"start":{"line":5,"column":9},"end":{"line":5,"column":23}},"loc":{"start":{"line":5,"column":33},"end":{"line":293,"column":1}},"line":5},"1":{"name":"(anonymous_1)","decl":{"start":{"line":24,"column":12},"end":{"line":24,"column":13}},"loc":{"start":{"line":24,"column":18},"end":{"line":48,"column":3}},"line":24},"2":{"name":"(anonymous_2)","decl":{"start":{"line":27,"column":15},"end":{"line":27,"column":16}},"loc":{"start":{"line":27,"column":24},"end":{"line":27,"column":48}},"line":27},"3":{"name":"(anonymous_3)","decl":{"start":{"line":33,"column":12},"end":{"line":33,"column":13}},"loc":{"start":{"line":33,"column":19},"end":{"line":38,"column":7}},"line":33},"4":{"name":"(anonymous_4)","decl":{"start":{"line":39,"column":12},"end":{"line":39,"column":13}},"loc":{"start":{"line":39,"column":20},"end":{"line":42,"column":7}},"line":39},"5":{"name":"(anonymous_5)","decl":{"start":{"line":41,"column":19},"end":{"line":41,"column":20}},"loc":{"start":{"line":41,"column":28},"end":{"line":41,"column":53}},"line":41},"6":{"name":"(anonymous_6)","decl":{"start":{"line":43,"column":13},"end":{"line":43,"column":14}},"loc":{"start":{"line":43,"column":20},"end":{"line":47,"column":7}},"line":43},"7":{"name":"(anonymous_7)","decl":{"start":{"line":45,"column":17},"end":{"line":45,"column":18}},"loc":{"start":{"line":45,"column":26},"end":{"line":45,"column":57}},"line":45},"8":{"name":"(anonymous_8)","decl":{"start":{"line":46,"column":19},"end":{"line":46,"column":20}},"loc":{"start":{"line":46,"column":28},"end":{"line":46,"column":53}},"line":46},"9":{"name":"(anonymous_9)","decl":{"start":{"line":51,"column":12},"end":{"line":51,"column":13}},"loc":{"start":{"line":51,"column":18},"end":{"line":75,"column":3}},"line":51},"10":{"name":"(anonymous_10)","decl":{"start":{"line":54,"column":15},"end":{"line":54,"column":16}},"loc":{"start":{"line":54,"column":24},"end":{"line":54,"column":48}},"line":54},"11":{"name":"(anonymous_11)","decl":{"start":{"line":60,"column":12},"end":{"line":60,"column":13}},"loc":{"start":{"line":60,"column":19},"end":{"line":65,"column":7}},"line":60},"12":{"name":"(anonymous_12)","decl":{"start":{"line":66,"column":12},"end":{"line":66,"column":13}},"loc":{"start":{"line":66,"column":20},"end":{"line":69,"column":7}},"line":66},"13":{"name":"(anonymous_13)","decl":{"start":{"line":68,"column":19},"end":{"line":68,"column":20}},"loc":{"start":{"line":68,"column":28},"end":{"line":68,"column":53}},"line":68},"14":{"name":"(anonymous_14)","decl":{"start":{"line":70,"column":13},"end":{"line":70,"column":14}},"loc":{"start":{"line":70,"column":20},"end":{"line":74,"column":7}},"line":70},"15":{"name":"(anonymous_15)","decl":{"start":{"line":72,"column":17},"end":{"line":72,"column":18}},"loc":{"start":{"line":72,"column":26},"end":{"line":72,"column":57}},"line":72},"16":{"name":"(anonymous_16)","decl":{"start":{"line":73,"column":19},"end":{"line":73,"column":20}},"loc":{"start":{"line":73,"column":28},"end":{"line":73,"column":53}},"line":73},"17":{"name":"(anonymous_17)","decl":{"start":{"line":78,"column":12},"end":{"line":78,"column":13}},"loc":{"start":{"line":78,"column":18},"end":{"line":102,"column":3}},"line":78},"18":{"name":"(anonymous_18)","decl":{"start":{"line":81,"column":15},"end":{"line":81,"column":16}},"loc":{"start":{"line":81,"column":24},"end":{"line":81,"column":49}},"line":81},"19":{"name":"(anonymous_19)","decl":{"start":{"line":87,"column":12},"end":{"line":87,"column":13}},"loc":{"start":{"line":87,"column":19},"end":{"line":92,"column":7}},"line":87},"20":{"name":"(anonymous_20)","decl":{"start":{"line":93,"column":12},"end":{"line":93,"column":13}},"loc":{"start":{"line":93,"column":20},"end":{"line":96,"column":7}},"line":93},"21":{"name":"(anonymous_21)","decl":{"start":{"line":95,"column":19},"end":{"line":95,"column":20}},"loc":{"start":{"line":95,"column":28},"end":{"line":95,"column":54}},"line":95},"22":{"name":"(anonymous_22)","decl":{"start":{"line":97,"column":13},"end":{"line":97,"column":14}},"loc":{"start":{"line":97,"column":20},"end":{"line":101,"column":7}},"line":97},"23":{"name":"(anonymous_23)","decl":{"start":{"line":99,"column":17},"end":{"line":99,"column":18}},"loc":{"start":{"line":99,"column":26},"end":{"line":99,"column":58}},"line":99},"24":{"name":"(anonymous_24)","decl":{"start":{"line":100,"column":19},"end":{"line":100,"column":20}},"loc":{"start":{"line":100,"column":28},"end":{"line":100,"column":54}},"line":100},"25":{"name":"(anonymous_25)","decl":{"start":{"line":105,"column":24},"end":{"line":105,"column":25}},"loc":{"start":{"line":105,"column":51},"end":{"line":131,"column":3}},"line":105},"26":{"name":"(anonymous_26)","decl":{"start":{"line":122,"column":25},"end":{"line":122,"column":26}},"loc":{"start":{"line":123,"column":8},"end":{"line":123,"column":66}},"line":123},"27":{"name":"(anonymous_27)","decl":{"start":{"line":133,"column":21},"end":{"line":133,"column":22}},"loc":{"start":{"line":133,"column":37},"end":{"line":141,"column":3}},"line":133},"28":{"name":"(anonymous_28)","decl":{"start":{"line":168,"column":27},"end":{"line":168,"column":28}},"loc":{"start":{"line":169,"column":18},"end":{"line":185,"column":23}},"line":169},"29":{"name":"(anonymous_29)","decl":{"start":{"line":180,"column":33},"end":{"line":180,"column":34}},"loc":{"start":{"line":180,"column":39},"end":{"line":180,"column":77}},"line":180},"30":{"name":"(anonymous_30)","decl":{"start":{"line":209,"column":40},"end":{"line":209,"column":41}},"loc":{"start":{"line":210,"column":18},"end":{"line":216,"column":23}},"line":210},"31":{"name":"(anonymous_31)","decl":{"start":{"line":245,"column":59},"end":{"line":245,"column":60}},"loc":{"start":{"line":246,"column":26},"end":{"line":250,"column":31}},"line":246},"32":{"name":"(anonymous_32)","decl":{"start":{"line":274,"column":57},"end":{"line":274,"column":58}},"loc":{"start":{"line":275,"column":26},"end":{"line":280,"column":31}},"line":275}},"branchMap":{"0":{"loc":{"start":{"line":25,"column":4},"end":{"line":25,"column":21}},"type":"if","locations":[{"start":{"line":25,"column":4},"end":{"line":25,"column":21}},{"start":{},"end":{}}],"line":25},"1":{"loc":{"start":{"line":34,"column":8},"end":{"line":36,"column":9}},"type":"if","locations":[{"start":{"line":34,"column":8},"end":{"line":36,"column":9}},{"start":{},"end":{}}],"line":34},"2":{"loc":{"start":{"line":52,"column":4},"end":{"line":52,"column":21}},"type":"if","locations":[{"start":{"line":52,"column":4},"end":{"line":52,"column":21}},{"start":{},"end":{}}],"line":52},"3":{"loc":{"start":{"line":61,"column":8},"end":{"line":63,"column":9}},"type":"if","locations":[{"start":{"line":61,"column":8},"end":{"line":63,"column":9}},{"start":{},"end":{}}],"line":61},"4":{"loc":{"start":{"line":79,"column":4},"end":{"line":79,"column":21}},"type":"if","locations":[{"start":{"line":79,"column":4},"end":{"line":79,"column":21}},{"start":{},"end":{}}],"line":79},"5":{"loc":{"start":{"line":88,"column":8},"end":{"line":90,"column":9}},"type":"if","locations":[{"start":{"line":88,"column":8},"end":{"line":90,"column":9}},{"start":{},"end":{}}],"line":88},"6":{"loc":{"start":{"line":116,"column":6},"end":{"line":118,"column":7}},"type":"if","locations":[{"start":{"line":116,"column":6},"end":{"line":118,"column":7}},{"start":{},"end":{}}],"line":116},"7":{"loc":{"start":{"line":123,"column":8},"end":{"line":123,"column":66}},"type":"cond-expr","locations":[{"start":{"line":123,"column":29},"end":{"line":123,"column":59}},{"start":{"line":123,"column":62},"end":{"line":123,"column":66}}],"line":123},"8":{"loc":{"start":{"line":126,"column":20},"end":{"line":126,"column":60}},"type":"cond-expr","locations":[{"start":{"line":126,"column":30},"end":{"line":126,"column":43}},{"start":{"line":126,"column":46},"end":{"line":126,"column":60}}],"line":126},"9":{"loc":{"start":{"line":134,"column":4},"end":{"line":134,"column":34}},"type":"if","locations":[{"start":{"line":134,"column":4},"end":{"line":134,"column":34}},{"start":{},"end":{}}],"line":134},"10":{"loc":{"start":{"line":149,"column":11},"end":{"line":189,"column":11}},"type":"cond-expr","locations":[{"start":{"line":150,"column":12},"end":{"line":150,"column":40}},{"start":{"line":151,"column":14},"end":{"line":189,"column":11}}],"line":149},"11":{"loc":{"start":{"line":151,"column":14},"end":{"line":189,"column":11}},"type":"cond-expr","locations":[{"start":{"line":152,"column":12},"end":{"line":152,"column":63}},{"start":{"line":154,"column":12},"end":{"line":188,"column":20}}],"line":151},"12":{"loc":{"start":{"line":172,"column":25},"end":{"line":172,"column":56}},"type":"binary-expr","locations":[{"start":{"line":172,"column":25},"end":{"line":172,"column":40}},{"start":{"line":172,"column":44},"end":{"line":172,"column":56}}],"line":172},"13":{"loc":{"start":{"line":173,"column":25},"end":{"line":173,"column":48}},"type":"binary-expr","locations":[{"start":{"line":173,"column":25},"end":{"line":173,"column":39}},{"start":{"line":173,"column":43},"end":{"line":173,"column":48}}],"line":173},"14":{"loc":{"start":{"line":174,"column":25},"end":{"line":174,"column":53}},"type":"cond-expr","locations":[{"start":{"line":174,"column":41},"end":{"line":174,"column":46}},{"start":{"line":174,"column":49},"end":{"line":174,"column":53}}],"line":174},"15":{"loc":{"start":{"line":179,"column":49},"end":{"line":179,"column":93}},"type":"cond-expr","locations":[{"start":{"line":179,"column":65},"end":{"line":179,"column":77}},{"start":{"line":179,"column":80},"end":{"line":179,"column":93}}],"line":179},"16":{"loc":{"start":{"line":182,"column":25},"end":{"line":182,"column":70}},"type":"cond-expr","locations":[{"start":{"line":182,"column":41},"end":{"line":182,"column":55}},{"start":{"line":182,"column":58},"end":{"line":182,"column":70}}],"line":182},"17":{"loc":{"start":{"line":193,"column":11},"end":{"line":220,"column":11}},"type":"cond-expr","locations":[{"start":{"line":194,"column":12},"end":{"line":194,"column":39}},{"start":{"line":195,"column":14},"end":{"line":220,"column":11}}],"line":193},"18":{"loc":{"start":{"line":195,"column":14},"end":{"line":220,"column":11}},"type":"cond-expr","locations":[{"start":{"line":196,"column":12},"end":{"line":196,"column":63}},{"start":{"line":198,"column":12},"end":{"line":219,"column":20}}],"line":195},"19":{"loc":{"start":{"line":224,"column":11},"end":{"line":288,"column":11}},"type":"cond-expr","locations":[{"start":{"line":225,"column":12},"end":{"line":225,"column":44}},{"start":{"line":226,"column":14},"end":{"line":288,"column":11}}],"line":224},"20":{"loc":{"start":{"line":226,"column":14},"end":{"line":288,"column":11}},"type":"cond-expr","locations":[{"start":{"line":227,"column":12},"end":{"line":227,"column":64}},{"start":{"line":229,"column":12},"end":{"line":287,"column":18}}],"line":226}},"s":{"0":0,"1":0,"2":0,"3":0,"4":0,"5":0,"6":0,"7":0,"8":0,"9":0,"10":0,"11":0,"12":0,"13":0,"14":0,"15":0,"16":0,"17":0,"18":0,"19":0,"20":0,"21":0,"22":0,"23":0,"24":0,"25":0,"26":0,"27":0,"28":0,"29":0,"30":0,"31":0,"32":0,"33":0,"34":0,"35":0,"36":0,"37":0,"38":0,"39":0,"40":0,"41":0,"42":0,"43":0,"44":0,"45":0,"46":0,"47":0,"48":0,"49":0,"50":0,"51":0,"52":0,"53":0,"54":0,"55":0,"56":0,"57":0,"58":0,"59":0,"60":0,"61":0,"62":0,"63":0,"64":0,"65":0,"66":0,"67":0,"68":0,"69":0,"70":0,"71":0,"72":0,"73":0,"74":0,"75":0,"76":0,"77":0,"78":0,"79":0},"f":{"0":0,"1":0,"2":0,"3":0,"4":0,"5":0,"6":0,"7":0,"8":0,"9":0,"10":0,"11":0,"12":0,"13":0,"14":0,"15":0,"16":0,"17":0,"18":0,"19":0,"20":0,"21":0,"22":0,"23":0,"24":0,"25":0,"26":0,"27":0,"28":0,"29":0,"30":0,"31":0,"32":0},"b":{"0":[0,0],"1":[0,0],"2":[0,0],"3":[0,0],"4":[0,0],"5":[0,0],"6":[0,0],"7":[0,0],"8":[0,0],"9":[0,0],"10":[0,0],"11":[0,0],"12":[0,0],"13":[0,0],"14":[0,0],"15":[0,0],"16":[0,0],"17":[0,0],"18":[0,0],"19":[0,0],"20":[0,0]}}
,"/mnt/c/Users/edward.mccormick/IdeaProjects/gowebserver/react-vite-poc/src/components/advancedsearch.jsx": {"path":"/mnt/c/Users/edward.mccormick/IdeaProjects/gowebserver/react-vite-poc/src/components/advancedsearch.jsx","statementMap":{"0":{"start":{"line":9,"column":34},"end":{"line":9,"column":46}},"1":{"start":{"line":10,"column":34},"end":{"line":10,"column":46}},"2":{"start":{"line":11,"column":50},"end":{"line":11,"column":62}},"3":{"start":{"line":12,"column":44},"end":{"line":12,"column":56}},"4":{"start":{"line":14,"column":28},"end":{"line":23,"column":3}},"5":{"start":{"line":15,"column":4},"end":{"line":22,"column":5}},"6":{"start":{"line":16,"column":6},"end":{"line":19,"column":10}},"7":{"start":{"line":16,"column":29},"end":{"line":19,"column":7}},"8":{"start":{"line":20,"column":6},"end":{"line":20,"column":30}},"9":{"start":{"line":21,"column":6},"end":{"line":21,"column":27}},"10":{"start":{"line":25,"column":23},"end":{"line":27,"column":3}},"11":{"start":{"line":26,"column":4},"end":{"line":26,"column":37}},"12":{"start":{"line":29,"column":2},"end":{"line":105,"column":4}},"13":{"start":{"line":40,"column":29},"end":{"line":40,"column":56}},"14":{"start":{"line":50,"column":31},"end":{"line":50,"column":66}},"15":{"start":{"line":54,"column":16},"end":{"line":56,"column":25}},"16":{"start":{"line":61,"column":31},"end":{"line":61,"column":63}},"17":{"start":{"line":68,"column":20},"end":{"line":70,"column":29}},"18":{"start":{"line":86,"column":16},"end":{"line":89,"column":21}}},"fnMap":{"0":{"name":"AdvancedSearch","decl":{"start":{"line":8,"column":9},"end":{"line":8,"column":23}},"loc":{"start":{"line":8,"column":38},"end":{"line":106,"column":1}},"line":8},"1":{"name":"(anonymous_1)","decl":{"start":{"line":14,"column":28},"end":{"line":14,"column":29}},"loc":{"start":{"line":14,"column":34},"end":{"line":23,"column":3}},"line":14},"2":{"name":"(anonymous_2)","decl":{"start":{"line":16,"column":18},"end":{"line":16,"column":19}},"loc":{"start":{"line":16,"column":29},"end":{"line":19,"column":7}},"line":16},"3":{"name":"(anonymous_3)","decl":{"start":{"line":25,"column":23},"end":{"line":25,"column":24}},"loc":{"start":{"line":25,"column":29},"end":{"line":27,"column":3}},"line":25},"4":{"name":"(anonymous_4)","decl":{"start":{"line":40,"column":22},"end":{"line":40,"column":23}},"loc":{"start":{"line":40,"column":29},"end":{"line":40,"column":56}},"line":40},"5":{"name":"(anonymous_5)","decl":{"start":{"line":50,"column":24},"end":{"line":50,"column":25}},"loc":{"start":{"line":50,"column":31},"end":{"line":50,"column":66}},"line":50},"6":{"name":"(anonymous_6)","decl":{"start":{"line":53,"column":60},"end":{"line":53,"column":61}},"loc":{"start":{"line":54,"column":16},"end":{"line":56,"column":25}},"line":54},"7":{"name":"(anonymous_7)","decl":{"start":{"line":61,"column":24},"end":{"line":61,"column":25}},"loc":{"start":{"line":61,"column":31},"end":{"line":61,"column":63}},"line":61},"8":{"name":"(anonymous_8)","decl":{"start":{"line":67,"column":18},"end":{"line":67,"column":19}},"loc":{"start":{"line":68,"column":20},"end":{"line":70,"column":29}},"line":68},"9":{"name":"(anonymous_9)","decl":{"start":{"line":85,"column":44},"end":{"line":85,"column":45}},"loc":{"start":{"line":86,"column":16},"end":{"line":89,"column":21}},"line":86}},"branchMap":{"0":{"loc":{"start":{"line":15,"column":4},"end":{"line":22,"column":5}},"type":"if","locations":[{"start":{"line":15,"column":4},"end":{"line":22,"column":5}},{"start":{},"end":{}}],"line":15},"1":{"loc":{"start":{"line":15,"column":8},"end":{"line":15,"column":41}},"type":"binary-expr","locations":[{"start":{"line":15,"column":8},"end":{"line":15,"column":24}},{"start":{"line":15,"column":28},"end":{"line":15,"column":41}}],"line":15},"2":{"loc":{"start":{"line":65,"column":15},"end":{"line":72,"column":17}},"type":"binary-expr","locations":[{"start":{"line":65,"column":15},"end":{"line":65,"column":31}},{"start":{"line":66,"column":16},"end":{"line":72,"column":17}}],"line":65},"3":{"loc":{"start":{"line":66,"column":17},"end":{"line":66,"column":72}},"type":"binary-expr","locations":[{"start":{"line":66,"column":17},"end":{"line":66,"column":43}},{"start":{"line":66,"column":47},"end":{"line":66,"column":72}}],"line":66},"4":{"loc":{"start":{"line":81,"column":9},"end":{"line":93,"column":9}},"type":"binary-expr","locations":[{"start":{"line":81,"column":9},"end":{"line":81,"column":41}},{"start":{"line":82,"column":10},"end":{"line":92,"column":16}}],"line":81},"5":{"loc":{"start":{"line":88,"column":20},"end":{"line":88,"column":49}},"type":"binary-expr","locations":[{"start":{"line":88,"column":20},"end":{"line":88,"column":33}},{"start":{"line":88,"column":37},"end":{"line":88,"column":49}}],"line":88}},"s":{"0":0,"1":0,"2":0,"3":0,"4":0,"5":0,"6":0,"7":0,"8":0,"9":0,"10":0,"11":0,"12":0,"13":0,"14":0,"15":0,"16":0,"17":0,"18":0},"f":{"0":0,"1":0,"2":0,"3":0,"4":0,"5":0,"6":0,"7":0,"8":0,"9":0},"b":{"0":[0,0],"1":[0,0],"2":[0,0],"3":[0,0],"4":[0,0],"5":[0,0]}}
,"/mnt/c/Users/edward.mccormick/IdeaProjects/gowebserver/react-vite-poc/src/components/advancedsearchclaude.jsx": {"path":"/mnt/c/Users/edward.mccormick/IdeaProjects/gowebserver/react-vite-poc/src/components/advancedsearchclaude.jsx","statementMap":{"0":{"start":{"line":13,"column":34},"end":{"line":13,"column":46}},"1":{"start":{"line":14,"column":30},"end":{"line":14,"column":43}},"2":{"start":{"line":15,"column":38},"end":{"line":15,"column":51}},"3":{"start":{"line":16,"column":42},"end":{"line":16,"column":55}},"4":{"start":{"line":17,"column":34},"end":{"line":17,"column":46}},"5":{"start":{"line":18,"column":50},"end":{"line":18,"column":62}},"6":{"start":{"line":19,"column":44},"end":{"line":19,"column":56}},"7":{"start":{"line":20,"column":38},"end":{"line":20,"column":55}},"8":{"start":{"line":21,"column":34},"end":{"line":21,"column":46}},"9":{"start":{"line":22,"column":34},"end":{"line":22,"column":46}},"10":{"start":{"line":23,"column":38},"end":{"line":23,"column":53}},"11":{"start":{"line":25,"column":28},"end":{"line":65,"column":3}},"12":{"start":{"line":26,"column":4},"end":{"line":64,"column":5}},"13":{"start":{"line":27,"column":26},"end":{"line":27,"column":61}},"14":{"start":{"line":30,"column":6},"end":{"line":45,"column":7}},"15":{"start":{"line":32,"column":10},"end":{"line":32,"column":76}},"16":{"start":{"line":33,"column":10},"end":{"line":33,"column":16}},"17":{"start":{"line":35,"column":10},"end":{"line":35,"column":74}},"18":{"start":{"line":36,"column":10},"end":{"line":36,"column":16}},"19":{"start":{"line":38,"column":10},"end":{"line":38,"column":74}},"20":{"start":{"line":39,"column":10},"end":{"line":39,"column":16}},"21":{"start":{"line":41,"column":10},"end":{"line":41,"column":94}},"22":{"start":{"line":42,"column":10},"end":{"line":42,"column":16}},"23":{"start":{"line":44,"column":10},"end":{"line":44,"column":76}},"24":{"start":{"line":47,"column":6},"end":{"line":54,"column":10}},"25":{"start":{"line":47,"column":29},"end":{"line":54,"column":7}},"26":{"start":{"line":57,"column":6},"end":{"line":57,"column":30}},"27":{"start":{"line":58,"column":6},"end":{"line":58,"column":27}},"28":{"start":{"line":59,"column":6},"end":{"line":59,"column":22}},"29":{"start":{"line":60,"column":6},"end":{"line":60,"column":22}},"30":{"start":{"line":61,"column":6},"end":{"line":61,"column":29}},"31":{"start":{"line":62,"column":6},"end":{"line":62,"column":21}},"32":{"start":{"line":63,"column":6},"end":{"line":63,"column":25}},"33":{"start":{"line":67,"column":29},"end":{"line":96,"column":3}},"34":{"start":{"line":68,"column":26},"end":{"line":68,"column":49}},"35":{"start":{"line":69,"column":25},"end":{"line":69,"column":91}},"36":{"start":{"line":69,"column":75},"end":{"line":69,"column":90}},"37":{"start":{"line":71,"column":4},"end":{"line":95,"column":5}},"38":{"start":{"line":73,"column":8},"end":{"line":73,"column":128}},"39":{"start":{"line":75,"column":8},"end":{"line":75,"column":140}},"40":{"start":{"line":77,"column":8},"end":{"line":77,"column":138}},"41":{"start":{"line":79,"column":8},"end":{"line":79,"column":208}},"42":{"start":{"line":81,"column":8},"end":{"line":81,"column":57}},"43":{"start":{"line":98,"column":25},"end":{"line":104,"column":3}},"44":{"start":{"line":99,"column":4},"end":{"line":103,"column":7}},"45":{"start":{"line":100,"column":26},"end":{"line":100,"column":37}},"46":{"start":{"line":101,"column":6},"end":{"line":101,"column":30}},"47":{"start":{"line":102,"column":6},"end":{"line":102,"column":25}},"48":{"start":{"line":106,"column":23},"end":{"line":108,"column":3}},"49":{"start":{"line":107,"column":4},"end":{"line":107,"column":37}},"50":{"start":{"line":110,"column":27},"end":{"line":112,"column":3}},"51":{"start":{"line":111,"column":4},"end":{"line":111,"column":20}},"52":{"start":{"line":114,"column":27},"end":{"line":121,"column":3}},"53":{"start":{"line":115,"column":23},"end":{"line":115,"column":45}},"54":{"start":{"line":116,"column":4},"end":{"line":116,"column":42}},"55":{"start":{"line":116,"column":25},"end":{"line":116,"column":42}},"56":{"start":{"line":117,"column":4},"end":{"line":117,"column":39}},"57":{"start":{"line":117,"column":25},"end":{"line":117,"column":39}},"58":{"start":{"line":118,"column":4},"end":{"line":118,"column":42}},"59":{"start":{"line":118,"column":25},"end":{"line":118,"column":42}},"60":{"start":{"line":119,"column":4},"end":{"line":119,"column":41}},"61":{"start":{"line":119,"column":25},"end":{"line":119,"column":41}},"62":{"start":{"line":120,"column":4},"end":{"line":120,"column":18}},"63":{"start":{"line":123,"column":2},"end":{"line":446,"column":4}},"64":{"start":{"line":199,"column":31},"end":{"line":199,"column":57}},"65":{"start":{"line":232,"column":37},"end":{"line":232,"column":62}},"66":{"start":{"line":244,"column":37},"end":{"line":244,"column":66}},"67":{"start":{"line":256,"column":37},"end":{"line":256,"column":68}},"68":{"start":{"line":270,"column":37},"end":{"line":270,"column":64}},"69":{"start":{"line":298,"column":37},"end":{"line":298,"column":72}},"70":{"start":{"line":303,"column":22},"end":{"line":305,"column":31}},"71":{"start":{"line":304,"column":70},"end":{"line":304,"column":85}},"72":{"start":{"line":314,"column":37},"end":{"line":314,"column":66}},"73":{"start":{"line":334,"column":37},"end":{"line":334,"column":69}},"74":{"start":{"line":338,"column":22},"end":{"line":340,"column":31}},"75":{"start":{"line":353,"column":39},"end":{"line":353,"column":66}},"76":{"start":{"line":357,"column":24},"end":{"line":359,"column":33}},"77":{"start":{"line":367,"column":39},"end":{"line":367,"column":66}},"78":{"start":{"line":371,"column":24},"end":{"line":373,"column":33}},"79":{"start":{"line":411,"column":18},"end":{"line":428,"column":26}},"80":{"start":{"line":423,"column":37},"end":{"line":423,"column":56}}},"fnMap":{"0":{"name":"ClaudeAdvancedSearch","decl":{"start":{"line":12,"column":9},"end":{"line":12,"column":29}},"loc":{"start":{"line":12,"column":44},"end":{"line":447,"column":1}},"line":12},"1":{"name":"(anonymous_1)","decl":{"start":{"line":25,"column":28},"end":{"line":25,"column":29}},"loc":{"start":{"line":25,"column":34},"end":{"line":65,"column":3}},"line":25},"2":{"name":"(anonymous_2)","decl":{"start":{"line":47,"column":18},"end":{"line":47,"column":19}},"loc":{"start":{"line":47,"column":29},"end":{"line":54,"column":7}},"line":47},"3":{"name":"(anonymous_3)","decl":{"start":{"line":67,"column":29},"end":{"line":67,"column":30}},"loc":{"start":{"line":67,"column":58},"end":{"line":96,"column":3}},"line":67},"4":{"name":"(anonymous_4)","decl":{"start":{"line":69,"column":70},"end":{"line":69,"column":71}},"loc":{"start":{"line":69,"column":75},"end":{"line":69,"column":90}},"line":69},"5":{"name":"(anonymous_5)","decl":{"start":{"line":98,"column":25},"end":{"line":98,"column":26}},"loc":{"start":{"line":98,"column":34},"end":{"line":104,"column":3}},"line":98},"6":{"name":"(anonymous_6)","decl":{"start":{"line":99,"column":16},"end":{"line":99,"column":17}},"loc":{"start":{"line":99,"column":26},"end":{"line":103,"column":5}},"line":99},"7":{"name":"(anonymous_7)","decl":{"start":{"line":106,"column":23},"end":{"line":106,"column":24}},"loc":{"start":{"line":106,"column":29},"end":{"line":108,"column":3}},"line":106},"8":{"name":"(anonymous_8)","decl":{"start":{"line":110,"column":27},"end":{"line":110,"column":28}},"loc":{"start":{"line":110,"column":33},"end":{"line":112,"column":3}},"line":110},"9":{"name":"(anonymous_9)","decl":{"start":{"line":114,"column":27},"end":{"line":114,"column":28}},"loc":{"start":{"line":114,"column":33},"end":{"line":121,"column":3}},"line":114},"10":{"name":"(anonymous_10)","decl":{"start":{"line":199,"column":25},"end":{"line":199,"column":26}},"loc":{"start":{"line":199,"column":31},"end":{"line":199,"column":57}},"line":199},"11":{"name":"(anonymous_11)","decl":{"start":{"line":232,"column":30},"end":{"line":232,"column":31}},"loc":{"start":{"line":232,"column":37},"end":{"line":232,"column":62}},"line":232},"12":{"name":"(anonymous_12)","decl":{"start":{"line":244,"column":30},"end":{"line":244,"column":31}},"loc":{"start":{"line":244,"column":37},"end":{"line":244,"column":66}},"line":244},"13":{"name":"(anonymous_13)","decl":{"start":{"line":256,"column":30},"end":{"line":256,"column":31}},"loc":{"start":{"line":256,"column":37},"end":{"line":256,"column":68}},"line":256},"14":{"name":"(anonymous_14)","decl":{"start":{"line":270,"column":30},"end":{"line":270,"column":31}},"loc":{"start":{"line":270,"column":37},"end":{"line":270,"column":64}},"line":270},"15":{"name":"(anonymous_15)","decl":{"start":{"line":298,"column":30},"end":{"line":298,"column":31}},"loc":{"start":{"line":298,"column":37},"end":{"line":298,"column":72}},"line":298},"16":{"name":"(anonymous_16)","decl":{"start":{"line":302,"column":46},"end":{"line":302,"column":47}},"loc":{"start":{"line":303,"column":22},"end":{"line":305,"column":31}},"line":303},"17":{"name":"(anonymous_17)","decl":{"start":{"line":304,"column":65},"end":{"line":304,"column":66}},"loc":{"start":{"line":304,"column":70},"end":{"line":304,"column":85}},"line":304},"18":{"name":"(anonymous_18)","decl":{"start":{"line":314,"column":30},"end":{"line":314,"column":31}},"loc":{"start":{"line":314,"column":37},"end":{"line":314,"column":66}},"line":314},"19":{"name":"(anonymous_19)","decl":{"start":{"line":334,"column":30},"end":{"line":334,"column":31}},"loc":{"start":{"line":334,"column":37},"end":{"line":334,"column":69}},"line":334},"20":{"name":"(anonymous_20)","decl":{"start":{"line":337,"column":59},"end":{"line":337,"column":60}},"loc":{"start":{"line":338,"column":22},"end":{"line":340,"column":31}},"line":338},"21":{"name":"(anonymous_21)","decl":{"start":{"line":353,"column":32},"end":{"line":353,"column":33}},"loc":{"start":{"line":353,"column":39},"end":{"line":353,"column":66}},"line":353},"22":{"name":"(anonymous_22)","decl":{"start":{"line":356,"column":61},"end":{"line":356,"column":62}},"loc":{"start":{"line":357,"column":24},"end":{"line":359,"column":33}},"line":357},"23":{"name":"(anonymous_23)","decl":{"start":{"line":367,"column":32},"end":{"line":367,"column":33}},"loc":{"start":{"line":367,"column":39},"end":{"line":367,"column":66}},"line":367},"24":{"name":"(anonymous_24)","decl":{"start":{"line":370,"column":61},"end":{"line":370,"column":62}},"loc":{"start":{"line":371,"column":24},"end":{"line":373,"column":33}},"line":371},"25":{"name":"(anonymous_25)","decl":{"start":{"line":410,"column":46},"end":{"line":410,"column":47}},"loc":{"start":{"line":411,"column":18},"end":{"line":428,"column":26}},"line":411},"26":{"name":"(anonymous_26)","decl":{"start":{"line":423,"column":31},"end":{"line":423,"column":32}},"loc":{"start":{"line":423,"column":37},"end":{"line":423,"column":56}},"line":423}},"branchMap":{"0":{"loc":{"start":{"line":26,"column":4},"end":{"line":64,"column":5}},"type":"if","locations":[{"start":{"line":26,"column":4},"end":{"line":64,"column":5}},{"start":{},"end":{}}],"line":26},"1":{"loc":{"start":{"line":26,"column":8},"end":{"line":26,"column":116}},"type":"binary-expr","locations":[{"start":{"line":26,"column":8},"end":{"line":26,"column":24}},{"start":{"line":26,"column":29},"end":{"line":26,"column":49}},{"start":{"line":26,"column":54},"end":{"line":26,"column":76}},{"start":{"line":26,"column":80},"end":{"line":26,"column":95}},{"start":{"line":26,"column":99},"end":{"line":26,"column":114}}],"line":26},"2":{"loc":{"start":{"line":30,"column":6},"end":{"line":45,"column":7}},"type":"switch","locations":[{"start":{"line":31,"column":8},"end":{"line":33,"column":16}},{"start":{"line":34,"column":8},"end":{"line":36,"column":16}},{"start":{"line":37,"column":8},"end":{"line":39,"column":16}},{"start":{"line":40,"column":8},"end":{"line":42,"column":16}},{"start":{"line":43,"column":8},"end":{"line":44,"column":76}}],"line":30},"3":{"loc":{"start":{"line":68,"column":26},"end":{"line":68,"column":49}},"type":"binary-expr","locations":[{"start":{"line":68,"column":26},"end":{"line":68,"column":43}},{"start":{"line":68,"column":47},"end":{"line":68,"column":49}}],"line":68},"4":{"loc":{"start":{"line":71,"column":4},"end":{"line":95,"column":5}},"type":"switch","locations":[{"start":{"line":72,"column":6},"end":{"line":73,"column":128}},{"start":{"line":74,"column":6},"end":{"line":75,"column":140}},{"start":{"line":76,"column":6},"end":{"line":77,"column":138}},{"start":{"line":78,"column":6},"end":{"line":79,"column":208}},{"start":{"line":80,"column":6},"end":{"line":81,"column":57}}],"line":71},"5":{"loc":{"start":{"line":73,"column":68},"end":{"line":73,"column":125}},"type":"binary-expr","locations":[{"start":{"line":73,"column":68},"end":{"line":73,"column":102}},{"start":{"line":73,"column":106},"end":{"line":73,"column":125}}],"line":73},"6":{"loc":{"start":{"line":75,"column":70},"end":{"line":75,"column":127}},"type":"binary-expr","locations":[{"start":{"line":75,"column":70},"end":{"line":75,"column":104}},{"start":{"line":75,"column":108},"end":{"line":75,"column":127}}],"line":75},"7":{"loc":{"start":{"line":77,"column":69},"end":{"line":77,"column":126}},"type":"binary-expr","locations":[{"start":{"line":77,"column":69},"end":{"line":77,"column":103}},{"start":{"line":77,"column":107},"end":{"line":77,"column":126}}],"line":77},"8":{"loc":{"start":{"line":79,"column":91},"end":{"line":79,"column":144}},"type":"binary-expr","locations":[{"start":{"line":79,"column":91},"end":{"line":79,"column":123}},{"start":{"line":79,"column":127},"end":{"line":79,"column":144}}],"line":79},"9":{"loc":{"start":{"line":79,"column":152},"end":{"line":79,"column":205}},"type":"binary-expr","locations":[{"start":{"line":79,"column":152},"end":{"line":79,"column":184}},{"start":{"line":79,"column":188},"end":{"line":79,"column":205}}],"line":79},"10":{"loc":{"start":{"line":116,"column":4},"end":{"line":116,"column":42}},"type":"if","locations":[{"start":{"line":116,"column":4},"end":{"line":116,"column":42}},{"start":{},"end":{}}],"line":116},"11":{"loc":{"start":{"line":117,"column":4},"end":{"line":117,"column":39}},"type":"if","locations":[{"start":{"line":117,"column":4},"end":{"line":117,"column":39}},{"start":{},"end":{}}],"line":117},"12":{"loc":{"start":{"line":118,"column":4},"end":{"line":118,"column":42}},"type":"if","locations":[{"start":{"line":118,"column":4},"end":{"line":118,"column":42}},{"start":{},"end":{}}],"line":118},"13":{"loc":{"start":{"line":119,"column":4},"end":{"line":119,"column":41}},"type":"if","locations":[{"start":{"line":119,"column":4},"end":{"line":119,"column":41}},{"start":{},"end":{}}],"line":119},"14":{"loc":{"start":{"line":286,"column":11},"end":{"line":390,"column":11}},"type":"binary-expr","locations":[{"start":{"line":286,"column":12},"end":{"line":286,"column":22}},{"start":{"line":286,"column":26},"end":{"line":286,"column":58}},{"start":{"line":287,"column":12},"end":{"line":389,"column":18}}],"line":286},"15":{"loc":{"start":{"line":326,"column":15},"end":{"line":344,"column":15}},"type":"binary-expr","locations":[{"start":{"line":326,"column":15},"end":{"line":326,"column":31}},{"start":{"line":326,"column":35},"end":{"line":326,"column":57}},{"start":{"line":327,"column":16},"end":{"line":343,"column":22}}],"line":326},"16":{"loc":{"start":{"line":329,"column":21},"end":{"line":330,"column":77}},"type":"cond-expr","locations":[{"start":{"line":329,"column":46},"end":{"line":329,"column":60}},{"start":{"line":330,"column":21},"end":{"line":330,"column":77}}],"line":329},"17":{"loc":{"start":{"line":330,"column":21},"end":{"line":330,"column":77}},"type":"cond-expr","locations":[{"start":{"line":330,"column":44},"end":{"line":330,"column":59}},{"start":{"line":330,"column":62},"end":{"line":330,"column":77}}],"line":330},"18":{"loc":{"start":{"line":337,"column":22},"end":{"line":337,"column":53}},"type":"binary-expr","locations":[{"start":{"line":337,"column":22},"end":{"line":337,"column":47}},{"start":{"line":337,"column":51},"end":{"line":337,"column":53}}],"line":337},"19":{"loc":{"start":{"line":339,"column":35},"end":{"line":339,"column":90}},"type":"cond-expr","locations":[{"start":{"line":339,"column":54},"end":{"line":339,"column":83}},{"start":{"line":339,"column":86},"end":{"line":339,"column":90}}],"line":339},"20":{"loc":{"start":{"line":347,"column":15},"end":{"line":378,"column":15}},"type":"binary-expr","locations":[{"start":{"line":347,"column":15},"end":{"line":347,"column":31}},{"start":{"line":347,"column":35},"end":{"line":347,"column":57}},{"start":{"line":348,"column":16},"end":{"line":377,"column":22}}],"line":347},"21":{"loc":{"start":{"line":356,"column":24},"end":{"line":356,"column":55}},"type":"binary-expr","locations":[{"start":{"line":356,"column":24},"end":{"line":356,"column":49}},{"start":{"line":356,"column":53},"end":{"line":356,"column":55}}],"line":356},"22":{"loc":{"start":{"line":358,"column":27},"end":{"line":358,"column":82}},"type":"cond-expr","locations":[{"start":{"line":358,"column":46},"end":{"line":358,"column":75}},{"start":{"line":358,"column":78},"end":{"line":358,"column":82}}],"line":358},"23":{"loc":{"start":{"line":370,"column":24},"end":{"line":370,"column":55}},"type":"binary-expr","locations":[{"start":{"line":370,"column":24},"end":{"line":370,"column":49}},{"start":{"line":370,"column":53},"end":{"line":370,"column":55}}],"line":370},"24":{"loc":{"start":{"line":372,"column":27},"end":{"line":372,"column":82}},"type":"cond-expr","locations":[{"start":{"line":372,"column":46},"end":{"line":372,"column":75}},{"start":{"line":372,"column":78},"end":{"line":372,"column":82}}],"line":372},"25":{"loc":{"start":{"line":382,"column":26},"end":{"line":382,"column":163}},"type":"binary-expr","locations":[{"start":{"line":382,"column":26},"end":{"line":382,"column":43}},{"start":{"line":382,"column":48},"end":{"line":382,"column":70}},{"start":{"line":382,"column":74},"end":{"line":382,"column":94}},{"start":{"line":382,"column":100},"end":{"line":382,"column":122}},{"start":{"line":382,"column":127},"end":{"line":382,"column":142}},{"start":{"line":382,"column":146},"end":{"line":382,"column":161}}],"line":382},"26":{"loc":{"start":{"line":393,"column":11},"end":{"line":432,"column":11}},"type":"binary-expr","locations":[{"start":{"line":393,"column":11},"end":{"line":393,"column":43}},{"start":{"line":394,"column":12},"end":{"line":431,"column":18}}],"line":393},"27":{"loc":{"start":{"line":417,"column":23},"end":{"line":417,"column":105}},"type":"cond-expr","locations":[{"start":{"line":417,"column":51},"end":{"line":417,"column":89}},{"start":{"line":417,"column":92},"end":{"line":417,"column":105}}],"line":417}},"s":{"0":0,"1":0,"2":0,"3":0,"4":0,"5":0,"6":0,"7":0,"8":0,"9":0,"10":0,"11":0,"12":0,"13":0,"14":0,"15":0,"16":0,"17":0,"18":0,"19":0,"20":0,"21":0,"22":0,"23":0,"24":0,"25":0,"26":0,"27":0,"28":0,"29":0,"30":0,"31":0,"32":0,"33":0,"34":0,"35":0,"36":0,"37":0,"38":0,"39":0,"40":0,"41":0,"42":0,"43":0,"44":0,"45":0,"46":0,"47":0,"48":0,"49":0,"50":0,"51":0,"52":0,"53":0,"54":0,"55":0,"56":0,"57":0,"58":0,"59":0,"60":0,"61":0,"62":0,"63":0,"64":0,"65":0,"66":0,"67":0,"68":0,"69":0,"70":0,"71":0,"72":0,"73":0,"74":0,"75":0,"76":0,"77":0,"78":0,"79":0,"80":0},"f":{"0":0,"1":0,"2":0,"3":0,"4":0,"5":0,"6":0,"7":0,"8":0,"9":0,"10":0,"11":0,"12":0,"13":0,"14":0,"15":0,"16":0,"17":0,"18":0,"19":0,"20":0,"21":0,"22":0,"23":0,"24":0,"25":0,"26":0},"b":{"0":[0,0],"1":[0,0,0,0,0],"2":[0,0,0,0,0],"3":[0,0],"4":[0,0,0,0,0],"5":[0,0],"6":[0,0],"7":[0,0],"8":[0,0],"9":[0,0],"10":[0,0],"11":[0,0],"12":[0,0],"13":[0,0],"14":[0,0,0],"15":[0,0,0],"16":[0,0],"17":[0,0],"18":[0,0],"19":[0,0],"20":[0,0,0],"21":[0,0],"22":[0,0],"23":[0,0],"24":[0,0],"25":[0,0,
[...]
cond-expr","locations":[{"start":{"line":356,"column":16},"end":{"line":370,"column":22}},{"start":{"line":372,"column":16},"end":{"line":441,"column":18}}],"line":355},"37":{"loc":{"start":{"line":373,"column":41},"end":{"line":373,"column":88}},"type":"binary-expr","locations":[{"start":{"line":373,"column":41},"end":{"line":373,"column":52}},{"start":{"line":373,"column":56},"end":{"line":373,"column":88}}],"line":373},"38":{"loc":{"start":{"line":374,"column":44},"end":{"line":374,"column":94}},"type":"binary-expr","locations":[{"start":{"line":374,"column":44},"end":{"line":374,"column":55}},{"start":{"line":374,"column":59},"end":{"line":374,"column":94}}],"line":374},"39":{"loc":{"start":{"line":376,"column":30},"end":{"line":376,"column":50}},"type":"binary-expr","locations":[{"start":{"line":376,"column":30},"end":{"line":376,"column":41}},{"start":{"line":376,"column":45},"end":{"line":376,"column":50}}],"line":376},"40":{"loc":{"start":{"line":377,"column":39},"end":{"line":377,"column":77}},"type":"cond-expr","locations":[{"start":{"line":377,"column":56},"end":{"line":377,"column":72}},{"start":{"line":377,"column":75},"end":{"line":377,"column":77}}],"line":377},"41":{"loc":{"start":{"line":378,"column":25},"end":{"line":382,"column":25}},"type":"binary-expr","locations":[{"start":{"line":378,"column":25},"end":{"line":378,"column":39}},{"start":{"line":379,"column":26},"end":{"line":381,"column":32}}],"line":378},"42":{"loc":{"start":{"line":383,"column":25},"end":{"line":387,"column":25}},"type":"binary-expr","locations":[{"start":{"line":383,"column":25},"end":{"line":383,"column":42}},{"start":{"line":384,"column":26},"end":{"line":386,"column":32}}],"line":383},"43":{"loc":{"start":{"line":390,"column":31},"end":{"line":390,"column":59}},"type":"binary-expr","locations":[{"start":{"line":390,"column":31},"end":{"line":390,"column":40}},{"start":{"line":390,"column":44},"end":{"line":390,"column":59}}],"line":390},"44":{"loc":{"start":{"line":397,"column":43},"end":{"line":397,"column":106}},"type":"cond-expr","locations":[{"start":{"line":397,"column":60},"end":{"line":397,"column":88}},{"start":{"line":397,"column":91},"end":{"line":397,"column":106}}],"line":397},"45":{"loc":{"start":{"line":398,"column":37},"end":{"line":398,"column":56}},"type":"binary-expr","locations":[{"start":{"line":398,"column":37},"end":{"line":398,"column":50}},{"start":{"line":398,"column":54},"end":{"line":398,"column":56}}],"line":398},"46":{"loc":{"start":{"line":404,"column":29},"end":{"line":422,"column":29}},"type":"binary-expr","locations":[{"start":{"line":404,"column":29},"end":{"line":404,"column":44}},{"start":{"line":405,"column":30},"end":{"line":421,"column":33}}],"line":404},"47":{"loc":{"start":{"line":423,"column":29},"end":{"line":432,"column":29}},"type":"binary-expr","locations":[{"start":{"line":423,"column":29},"end":{"line":423,"column":44}},{"start":{"line":424,"column":30},"end":{"line":431,"column":39}}],"line":423},"48":{"loc":{"start":{"line":433,"column":29},"end":{"line":435,"column":29}},"type":"binary-expr","locations":[{"start":{"line":433,"column":29},"end":{"line":433,"column":43}},{"start":{"line":434,"column":30},"end":{"line":434,"column":87}}],"line":433}},"s":{"0":0,"1":0,"2":0,"3":0,"4":0,"5":0,"6":0,"7":0,"8":0,"9":0,"10":0,"11":0,"12":0,"13":0,"14":0,"15":0,"16":0,"17":0,"18":0,"19":0,"20":0,"21":0,"22":0,"23":0,"24":0,"25":0,"26":0,"27":0,"28":0,"29":0,"30":0,"31":0,"32":0,"33":0,"34":0,"35":0,"36":0,"37":0,"38":0,"39":0,"40":0,"41":0,"42":0,"43":0,"44":0,"45":0,"46":0,"47":0,"48":0,"49":0,"50":0,"51":0,"52":0,"53":0,"54":0,"55":0,"56":0,"57":0,"58":0,"59":0,"60":0,"61":0,"62":0,"63":0,"64":0,"65":0,"66":0,"67":0,"68":0,"69":0,"70":0,"71":0,"72":0,"73":0,"74":0,"75":0,"76":0,"77":0,"78":0,"79":0,"80":0,"81":0,"82":0,"83":0,"84":0,"85":0,"86":0,"87":0,"88":0,"89":0,"90":0,"91":0,"92":0,"93":0,"94":0,"95":0,"96":0,"97":0,"98":0,"99":0,"100":0,"101":0,"102":0,"103":0,"104":0,"105":0,"106":0,"107":0,"108":0,"109":0,"110":0,"111":0,"112":0,"113":0,"114":0,"115":0,"116":0,"117":0,"118":0,"119":0,"120":0,"121":0,"122":0,"123":0,"124":0,"125":0,"126":0,"127":0,"128":0,"129":0,"130":0,"131":0,"132":0,"133":0,"134":0,"135":0},"f":{"0":0,"1":0,"2":0,"3":0,"4":0,"5":0,"6":0,"7":0,"8":0,"9":0,"10":0,"11":0,"12":0,"13":0,"14":0,"15":0,"16":0,"17":0,"18":0,"19":0,"20":0,"21":0,"22":0,"23":0,"24":0,"25":0,"26":0,"27":0},"b":{"0":[0,0],"1":[0,0],"2":[0,0],"3":[0,0],"4":[0,0],"5":[0,0],"6":[0,0],"7":[0,0],"8":[0,0],"9":[0,0],"10":[0,0],"11":[0,0],"12":[0,0],"13":[0,0],"14":[0,0],"15":[0,0],"16":[0,0],"17":[0,0],"18":[0,0],"19":[0,0],"20":[0,0],"21":[0,0],"22":[0,0],"23":[0,0],"24":[0,0],"25":[0,0],"26":[0,0],"27":[0,0],"28":[0,0],"29":[0,0],"30":[0,0],"31":[0,0],"32":[0,0],"33":[0,0],"34":[0,0],"35":[0,0],"36":[0,0],"37":[0,0],"38":[0,0],"39":[0,0],"40":[0,0],"41":[0,0],"42":[0,0],"43":[0,0],"44":[0,0],"45":[0,0],"46":[0,0],"47":[0,0],"48":[0,0]}}
,"/mnt/c/Users/edward.mccormick/IdeaProjects/gowebserver/react-vite-poc/src/components/selection.jsx": {"path":"/mnt/c/Users/edward.mccormick/IdeaProjects/gowebserver/react-vite-poc/src/components/selection.jsx","statementMap":{"0":{"start":{"line":10,"column":34},"end":{"line":10,"column":57}},"1":{"start":{"line":12,"column":23},"end":{"line":15,"column":3}},"2":{"start":{"line":13,"column":4},"end":{"line":13,"column":23}},"3":{"start":{"line":14,"column":4},"end":{"line":14,"column":20}},"4":{"start":{"line":18,"column":24},"end":{"line":20,"column":3}},"5":{"start":{"line":19,"column":4},"end":{"line":19,"column":99}},"6":{"start":{"line":22,"column":2},"end":{"line":67,"column":4}},"7":{"start":{"line":39,"column":14},"end":{"line":61,"column":23}},"8":{"start":{"line":42,"column":31},"end":{"line":42,"column":50}},"9":{"start":{"line":51,"column":22},"end":{"line":53,"column":32}}},"fnMap":{"0":{"name":"SelectionFormat","decl":{"start":{"line":9,"column":9},"end":{"line":9,"column":24}},"loc":{"start":{"line":9,"column":77},"end":{"line":68,"column":1}},"line":9},"1":{"name":"(anonymous_1)","decl":{"start":{"line":12,"column":23},"end":{"line":12,"column":24}},"loc":{"start":{"line":12,"column":34},"end":{"line":15,"column":3}},"line":12},"2":{"name":"(anonymous_2)","decl":{"start":{"line":18,"column":24},"end":{"line":18,"column":25}},"loc":{"start":{"line":18,"column":30},"end":{"line":20,"column":3}},"line":18},"3":{"name":"(anonymous_3)","decl":{"start":{"line":38,"column":23},"end":{"line":38,"column":24}},"loc":{"start":{"line":39,"column":14},"end":{"line":61,"column":23}},"line":39},"4":{"name":"(anonymous_4)","decl":{"start":{"line":42,"column":25},"end":{"line":42,"column":26}},"loc":{"start":{"line":42,"column":31},"end":{"line":42,"column":50}},"line":42},"5":{"name":"(anonymous_5)","decl":{"start":{"line":50,"column":29},"end":{"line":50,"column":30}},"loc":{"start":{"line":51,"column":22},"end":{"line":53,"column":32}},"line":51}},"branchMap":{"0":{"loc":{"start":{"line":9,"column":53},"end":{"line":9,"column":73}},"type":"default-arg","locations":[{"start":{"line":9,"column":69},"end":{"line":9,"column":73}}],"line":9},"1":{"loc":{"start":{"line":19,"column":11},"end":{"line":19,"column":98}},"type":"cond-expr","locations":[{"start":{"line":19,"column":57},"end":{"line":19,"column":72}},{"start":{"line":19,"column":75},"end":{"line":19,"column":98}}],"line":19},"2":{"loc":{"start":{"line":19,"column":11},"end":{"line":19,"column":54}},"type":"binary-expr","locations":[{"start":{"line":19,"column":11},"end":{"line":19,"column":28}},{"start":{"line":19,"column":32},"end":{"line":19,"column":54}}],"line":19},"3":{"loc":{"start":{"line":28,"column":13},"end":{"line":30,"column":13}},"type":"binary-expr","locations":[{"start":{"line":28,"column":13},"end":{"line":28,"column":30}},{"start":{"line":28,"column":34},"end":{"line":28,"column":56}},{"start":{"line":29,"column":14},"end":{"line":29,"column":65}}],"line":28},"4":{"loc":{"start":{"line":31,"column":13},"end":{"line":33,"column":13}},"type":"binary-expr","locations":[{"start":{"line":31,"column":14},"end":{"line":31,"column":31}},{"start":{"line":31,"column":35},"end":{"line":31,"column":57}},{"start":{"line":32,"column":14},"end":{"line":32,"column":78}}],"line":31},"5":{"loc":{"start":{"line":41,"column":25},"end":{"line":41,"column":77}},"type":"cond-expr","locations":[{"start":{"line":41,"column":46},"end":{"line":41,"column":55}},{"start":{"line":41,"column":58},"end":{"line":41,"column":77}}],"line":41},"6":{"loc":{"start":{"line":46,"column":17},"end":{"line":60,"column":17}},"type":"binary-expr","locations":[{"start":{"line":46,"column":17},"end":{"line":46,"column":35}},{"start":{"line":47,"column":18},"end":{"line":59,"column":35}}],"line":46}},"s":{"0":0,"1":0,"2":0,"3":0,"4":0,"5":0,"6":0,"7":0,"8":0,"9":0},"f":{"0":0,"1":0,"2":0,"3":0,"4":0,"5":0},"b":{"0":[0],"1":[0,0],"2":[0,0],"3":[0,0,0],"4":[0,0,0],"5":[0,0],"6":[0,0]},"_coverageSchema":"1a1c01bbd47fc00a2c39e90264f33305004495a9","hash":"4f2ae13cb4a72aa73ad54b9af48a991fd53951e9"}
,"/mnt/c/Users/edward.mccormick/IdeaProjects/gowebserver/react-vite-poc/src/components/signup.jsx": {"path":"/mnt/c/Users/edward.mccormick/IdeaProjects/gowebserver/react-vite-poc/src/components/signup.jsx","statementMap":{"0":{"start":{"line":11,"column":34},"end":{"line":14,"column":4}},"1":{"start":{"line":16,"column":23},"end":{"line":19,"column":3}},"2":{"start":{"line":17,"column":26},"end":{"line":17,"column":34}},"3":{"start":{"line":18,"column":4},"end":{"line":18,"column":54}},"4":{"start":{"line":18,"column":27},"end":{"line":18,"column":51}},"5":{"start":{"line":21,"column":23},"end":{"line":51,"column":3}},"6":{"start":{"line":22,"column":20},"end":{"line":25,"column":5}},"7":{"start":{"line":27,"column":4},"end":{"line":50,"column":5}},"8":{"start":{"line":28,"column":23},"end":{"line":34,"column":8}},"9":{"start":{"line":36,"column":6},"end":{"line":46,"column":7}},"10":{"start":{"line":37,"column":21},"end":{"line":37,"column":42}},"11":{"start":{"line":38,"column":8},"end":{"line":38,"column":30}},"12":{"start":{"line":39,"column":8},"end":{"line":39,"column":40}},"13":{"start":{"line":40,"column":8},"end":{"line":40,"column":55}},"14":{"start":{"line":41,"column":8},"end":{"line":41,"column":33}},"15":{"start":{"line":42,"column":8},"end":{"line":42,"column":27}},"16":{"start":{"line":43,"column":8},"end":{"line":43,"column":35}},"17":{"start":{"line":45,"column":8},"end":{"line":45,"column":64}},"18":{"start":{"line":48,"column":6},"end":{"line":48,"column":53}},"19":{"start":{"line":49,"column":6},"end":{"line":49,"column":60}},"20":{"start":{"line":53,"column":1},"end":{"line":85,"column":4}}},"fnMap":{"0":{"name":"SignUp","decl":{"start":{"line":5,"column":16},"end":{"line":5,"column":22}},"loc":{"start":{"line":10,"column":3},"end":{"line":86,"column":1}},"line":10},"1":{"name":"(anonymous_1)","decl":{"start":{"line":16,"column":23},"end":{"line":16,"column":24}},"loc":{"start":{"line":16,"column":30},"end":{"line":19,"column":3}},"line":16},"2":{"name":"(anonymous_2)","decl":{"start":{"line":18,"column":16},"end":{"line":18,"column":17}},"loc":{"start":{"line":18,"column":27},"end":{"line":18,"column":51}},"line":18},"3":{"name":"(anonymous_3)","decl":{"start":{"line":21,"column":23},"end":{"line":21,"column":24}},"loc":{"start":{"line":21,"column":35},"end":{"line":51,"column":3}},"line":21}},"branchMap":{"0":{"loc":{"start":{"line":36,"column":6},"end":{"line":46,"column":7}},"type":"if","locations":[{"start":{"line":36,"column":6},"end":{"line":46,"column":7}},{"start":{"line":44,"column":13},"end":{"line":46,"column":7}}],"line":36}},"s":{"0":12,"1":12,"2":0,"3":0,"4":0,"5":12,"6":0,"7":0,"8":0,"9":0,"10":0,"11":0,"12":0,"13":0,"14":0,"15":0,"16":0,"17":0,"18":0,"19":0,"20":12},"f":{"0":12,"1":0,"2":0,"3":0},"b":{"0":[0,0]},"_coverageSchema":"1a1c01bbd47fc00a2c39e90264f33305004495a9","hash":"584657dec24e8d30d1dd1c1cac6e71a3188ea74d"}
,"/mnt/c/Users/edward.mccormick/IdeaProjects/gowebserver/react-vite-poc/src/components/websocketchat.jsx": {"path":"/mnt/c/Users/edward.mccormick/IdeaProjects/gowebserver/react-vite-poc/src/components/websocketchat.jsx","statementMap":{"0":{"start":{"line":4,"column":34},"end":{"line":4,"column":46}},"1":{"start":{"line":5,"column":28},"end":{"line":5,"column":40}},"2":{"start":{"line":6,"column":13},"end":{"line":6,"column":25}},"3":{"start":{"line":8,"column":2},"end":{"line":26,"column":9}},"4":{"start":{"line":9,"column":4},"end":{"line":9,"column":57}},"5":{"start":{"line":11,"column":4},"end":{"line":13,"column":6}},"6":{"start":{"line":12,"column":6},"end":{"line":12,"column":51}},"7":{"start":{"line":12,"column":28},"end":{"line":12,"column":49}},"8":{"start":{"line":15,"column":4},"end":{"line":17,"column":6}},"9":{"start":{"line":16,"column":6},"end":{"line":16,"column":60}},"10":{"start":{"line":16,"column":28},"end":{"line":16,"column":58}},"11":{"start":{"line":19,"column":4},"end":{"line":21,"column":6}},"12":{"start":{"line":20,"column":6},"end":{"line":20,"column":58}},"13":{"start":{"line":20,"column":28},"end":{"line":20,"column":56}},"14":{"start":{"line":23,"column":4},"end":{"line":25,"column":6}},"15":{"start":{"line":24,"column":6},"end":{"line":24,"column":25}},"16":{"start":{"line":28,"column":22},"end":{"line":33,"column":3}},"17":{"start":{"line":29,"column":4},"end":{"line":32,"column":5}},"18":{"start":{"line":30,"column":6},"end":{"line":30,"column":29}},"19":{"start":{"line":31,"column":6},"end":{"line":31,"column":19}},"20":{"start":{"line":35,"column":2},"end":{"line":52,"column":4}},"21":{"start":{"line":40,"column":10},"end":{"line":40,"column":36}},"22":{"start":{"line":45,"column":23},"end":{"line":45,"column":47}},"23":{"start":{"line":46,"column":24},"end":{"line":46,"column":58}}},"fnMap":{"0":{"name":"WebSocketChat","decl":{"start":{"line":3,"column":24},"end":{"line":3,"column":37}},"loc":{"start":{"line":3,"column":40},"end":{"line":53,"column":1}},"line":3},"1":{"name":"(anonymous_1)","decl":{"start":{"line":8,"column":12},"end":{"line":8,"column":13}},"loc":{"start":{"line":8,"column":18},"end":{"line":26,"column":3}},"line":8},"2":{"name":"(anonymous_2)","decl":{"start":{"line":11,"column":27},"end":{"line":11,"column":28}},"loc":{"start":{"line":11,"column":38},"end":{"line":13,"column":5}},"line":11},"3":{"name":"(anonymous_3)","decl":{"start":{"line":12,"column":18},"end":{"line":12,"column":19}},"loc":{"start":{"line":12,"column":28},"end":{"line":12,"column":49}},"line":12},"4":{"name":"(anonymous_4)","decl":{"start":{"line":15,"column":25},"end":{"line":15,"column":26}},"loc":{"start":{"line":15,"column":31},"end":{"line":17,"column":5}},"line":15},"5":{"name":"(anonymous_5)","decl":{"start":{"line":16,"column":18},"end":{"line":16,"column":19}},"loc":{"start":{"line":16,"column":28},"end":{"line":16,"column":58}},"line":16},"6":{"name":"(anonymous_6)","decl":{"start":{"line":19,"column":25},"end":{"line":19,"column":26}},"loc":{"start":{"line":19,"column":34},"end":{"line":21,"column":5}},"line":19},"7":{"name":"(anonymous_7)","decl":{"start":{"line":20,"column":18},"end":{"line":20,"column":19}},"loc":{"start":{"line":20,"column":28},"end":{"line":20,"column":56}},"line":20},"8":{"name":"(anonymous_8)","decl":{"start":{"line":23,"column":11},"end":{"line":23,"column":12}},"loc":{"start":{"line":23,"column":17},"end":{"line":25,"column":5}},"line":23},"9":{"name":"(anonymous_9)","decl":{"start":{"line":28,"column":22},"end":{"line":28,"column":23}},"loc":{"start":{"line":28,"column":28},"end":{"line":33,"column":3}},"line":28},"10":{"name":"(anonymous_10)","decl":{"start":{"line":39,"column":22},"end":{"line":39,"column":23}},"loc":{"start":{"line":40,"column":10},"end":{"line":40,"column":36}},"line":40},"11":{"name":"(anonymous_11)","decl":{"start":{"line":45,"column":18},"end":{"line":45,"column":19}},"loc":{"start":{"line":45,"column":23},"end":{"line":45,"column":47}},"line":45},"12":{"name":"(anonymous_12)","decl":{"start":{"line":46,"column":19},"end":{"line":46,"column":20}},"loc":{"start":{"line":46,"column":24},"end":{"line":46,"column":58}},"line":46}},"branchMap":{"0":{"loc":{"start":{"line":29,"column":4},"end":{"line":32,"column":5}},"type":"if","locations":[{"start":{"line":29,"column":4},"end":{"line":32,"column":5}},{"start":{},"end":{}}],"line":29},"1":{"loc":{"start":{"line":29,"column":8},"end":{"line":29,"column":27}},"type":"binary-expr","locations":[{"start":{"line":29,"column":8},"end":{"line":29,"column":18}},{"start":{"line":29,"column":22},"end":{"line":29,"column":27}}],"line":29},"2":{"loc":{"start":{"line":46,"column":24},"end":{"line":46,"column":58}},"type":"binary-expr","locations":[{"start":{"line":46,"column":24},"end":{"line":46,"column":41}},{"start":{"line":46,"column":45},"end":{"line":46,"column":58}}],"line":46}},"s":{"0":0,"1":0,"2":0,"3":0,"4":0,"5":0,"6":0,"7":0,"8":0,"9":0,"10":0,"11":0,"12":0,"13":0,"14":0,"15":0,"16":0,"17":0,"18":0,"19":0,"20":0,"21":0,"22":0,"23":0},"f":{"0":0,"1":0,"2":0,"3":0,"4":0,"5":0,"6":0,"7":0,"8":0,"9":0,"10":0,"11":0,"12":0},"b":{"0":[0,0],"1":[0,0],"2":[0,0]}}
,"/mnt/c/Users/edward.mccormick/IdeaProjects/gowebserver/react-vite-poc/src/utils/formatters.js": {"path":"/mnt/c/Users/edward.mccormick/IdeaProjects/gowebserver/react-vite-poc/src/utils/formatters.js","statementMap":{"0":{"start":{"line":8,"column":31},"end":{"line":16,"column":1}},"1":{"start":{"line":9,"column":2},"end":{"line":9,"column":22}},"2":{"start":{"line":9,"column":12},"end":{"line":9,"column":22}},"3":{"start":{"line":11,"column":2},"end":{"line":15,"column":15}},"4":{"start":{"line":14,"column":17},"end":{"line":14,"column":61}},"5":{"start":{"line":24,"column":34},"end":{"line":33,"column":1}},"6":{"start":{"line":25,"column":2},"end":{"line":25,"column":26}},"7":{"start":{"line":25,"column":16},"end":{"line":25,"column":26}},"8":{"start":{"line":27,"column":2},"end":{"line":32,"column":11}},"9":{"start":{"line":28,"column":28},"end":{"line":28,"column":65}},"10":{"start":{"line":30,"column":6},"end":{"line":30,"column":23}},"11":{"start":{"line":31,"column":6},"end":{"line":31,"column":17}}},"fnMap":{"0":{"name":"(anonymous_0)","decl":{"start":{"line":8,"column":31},"end":{"line":8,"column":32}},"loc":{"start":{"line":8,"column":40},"end":{"line":16,"column":1}},"line":8},"1":{"name":"(anonymous_1)","decl":{"start":{"line":14,"column":9},"end":{"line":14,"column":10}},"loc":{"start":{"line":14,"column":17},"end":{"line":14,"column":61}},"line":14},"2":{"name":"(anonymous_2)","decl":{"start":{"line":24,"column":34},"end":{"line":24,"column":35}},"loc":{"start":{"line":24,"column":47},"end":{"line":33,"column":1}},"line":24},"3":{"name":"(anonymous_3)","decl":{"start":{"line":28,"column":12},"end":{"line":28,"column":13}},"loc":{"start":{"line":28,"column":28},"end":{"line":28,"column":65}},"line":28},"4":{"name":"(anonymous_4)","decl":{"start":{"line":29,"column":12},"end":{"line":29,"column":13}},"loc":{"start":{"line":29,"column":35},"end":{"line":32,"column":5}},"line":29}},"branchMap":{"0":{"loc":{"start":{"line":9,"column":2},"end":{"line":9,"column":22}},"type":"if","locations":[{"start":{"line":9,"column":2},"end":{"line":9,"column":22}},{"start":{},"end":{}}],"line":9},"1":{"loc":{"start":{"line":25,"column":2},"end":{"line":25,"column":26}},"type":"if","locations":[{"start":{"line":25,"column":2},"end":{"line":25,"column":26}},{"start":{},"end":{}}],"line":25},"2":{"loc":{"start":{"line":28,"column":28},"end":{"line":28,"column":65}},"type":"binary-expr","locations":[{"start":{"line":28,"column":28},"end":{"line":28,"column":42}},{"start":{"line":28,"column":46},"end":{"line":28,"column":65}}],"line":28}},"s":{"0":1,"1":0,"2":0,"3":0,"4":0,"5":1,"6":0,"7":0,"8":0,"9":0,"10":0,"11":0},"f":{"0":0,"1":0,"2":0,"3":0,"4":0},"b":{"0":[0,0],"1":[0,0],"2":[0,0]},"_coverageSchema":"1a1c01bbd47fc00a2c39e90264f33305004495a9","hash":"2c75671d16845b2698a146f9ce8193c77dedc697"}
}
