TN:
SF:src/App.jsx
FN:17,App
FN:38,(anonymous_1)
FN:40,(anonymous_2)
FN:43,(anonymous_3)
FN:46,(anonymous_4)
FN:49,(anonymous_5)
FN:64,(anonymous_6)
FN:65,(anonymous_7)
FN:69,(anonymous_8)
FN:73,(anonymous_9)
FN:75,(anonymous_10)
FN:85,(anonymous_11)
FN:86,(anonymous_12)
FN:94,(anonymous_13)
FN:102,(anonymous_14)
FN:108,(anonymous_15)
FN:118,(anonymous_16)
FN:126,(anonymous_17)
FN:130,(anonymous_18)
FN:146,(anonymous_19)
FN:154,(anonymous_20)
FN:165,(anonymous_21)
FN:166,(anonymous_22)
FN:168,(anonymous_23)
FN:169,(anonymous_24)
FN:170,(anonymous_25)
FN:181,(anonymous_26)
FN:199,(anonymous_27)
FN:205,(anonymous_28)
FN:336,(anonymous_29)
FN:341,(anonymous_30)
FN:346,(anonymous_31)
FN:352,(anonymous_32)
FN:358,(anonymous_33)
FNF:34
FNH:0
FNDA:0,App
FNDA:0,(anonymous_1)
FNDA:0,(anonymous_2)
FNDA:0,(anonymous_3)
FNDA:0,(anonymous_4)
FNDA:0,(anonymous_5)
FNDA:0,(anonymous_6)
FNDA:0,(anonymous_7)
FNDA:0,(anonymous_8)
FNDA:0,(anonymous_9)
FNDA:0,(anonymous_10)
FNDA:0,(anonymous_11)
FNDA:0,(anonymous_12)
FNDA:0,(anonymous_13)
FNDA:0,(anonymous_14)
FNDA:0,(anonymous_15)
FNDA:0,(anonymous_16)
FNDA:0,(anonymous_17)
FNDA:0,(anonymous_18)
FNDA:0,(anonymous_19)
FNDA:0,(anonymous_20)
FNDA:0,(anonymous_21)
FNDA:0,(anonymous_22)
FNDA:0,(anonymous_23)
FNDA:0,(anonymous_24)
FNDA:0,(anonymous_25)
FNDA:0,(anonymous_26)
FNDA:0,(anonymous_27)
FNDA:0,(anonymous_28)
FNDA:0,(anonymous_29)
FNDA:0,(anonymous_30)
FNDA:0,(anonymous_31)
FNDA:0,(anonymous_32)
FNDA:0,(anonymous_33)
DA:18,0
DA:19,0
DA:20,0
DA:21,0
DA:22,0
DA:23,0
DA:24,0
DA:25,0
DA:26,0
DA:27,0
DA:28,0
DA:29,0
DA:30,0
DA:31,0
DA:32,0
DA:33,0
DA:34,0
DA:35,0
DA:36,0
DA:38,0
DA:40,0
DA:41,0
DA:43,0
DA:46,0
DA:49,0
DA:50,0
DA:51,0
DA:52,0
DA:53,0
DA:54,0
DA:55,0
DA:56,0
DA:57,0
DA:59,0
DA:64,0
DA:66,0
DA:67,0
DA:69,0
DA:73,0
DA:75,0
DA:81,0
DA:85,0
DA:86,0
DA:87,0
DA:88,0
DA:89,0
DA:94,0
DA:96,0
DA:97,0
DA:102,0
DA:104,0
DA:108,0
DA:109,0
DA:111,0
DA:113,0
DA:118,0
DA:119,0
DA:121,0
DA:126,0
DA:127,0
DA:128,0
DA:130,0
DA:132,0
DA:133,0
DA:134,0
DA:136,0
DA:140,0
DA:141,0
DA:146,0
DA:148,0
DA:154,0
DA:155,0
DA:157,0
DA:158,0
DA:160,0
DA:165,0
DA:167,0
DA:168,0
DA:169,0
DA:170,0
DA:172,0
DA:173,0
DA:174,0
DA:176,0
DA:177,0
DA:178,0
DA:179,0
DA:182,0
DA:183,0
DA:199,0
DA:200,0
DA:203,0
DA:205,0
DA:208,0
DA:209,0
DA:210,0
DA:214,0
DA:215,0
DA:218,0
DA:219,0
DA:222,0
DA:223,0
DA:226,0
DA:227,0
DA:230,0
DA:231,0
DA:237,0
DA:240,0
DA:245,0
DA:337,0
DA:338,0
DA:339,0
DA:342,0
DA:343,0
DA:344,0
DA:347,0
DA:348,0
DA:349,0
DA:350,0
DA:353,0
DA:354,0
DA:355,0
DA:356,0
DA:359,0
LF:124
LH:0
BRDA:50,0,0,0
BRDA:50,0,1,0
BRDA:50,1,0,0
BRDA:50,1,1,0
BRDA:96,2,0,0
BRDA:96,2,1,0
BRDA:96,3,0,0
BRDA:96,3,1,0
BRDA:109,4,0,0
BRDA:109,4,1,0
BRDA:109,5,0,0
BRDA:109,5,1,0
BRDA:109,5,2,0
BRDA:109,5,3,0
BRDA:119,6,0,0
BRDA:119,6,1,0
BRDA:119,7,0,0
BRDA:119,7,1,0
BRDA:127,8,0,0
BRDA:127,8,1,0
BRDA:127,9,0,0
BRDA:127,9,1,0
BRDA:127,9,2,0
BRDA:133,10,0,0
BRDA:133,10,1,0
BRDA:134,11,0,0
BRDA:134,11,1,0
BRDA:136,12,0,0
BRDA:136,12,1,0
BRDA:140,13,0,0
BRDA:140,13,1,0
BRDA:155,14,0,0
BRDA:155,14,1,0
BRDA:155,15,0,0
BRDA:155,15,1,0
BRDA:155,15,2,0
BRDA:168,16,0,0
BRDA:168,16,1,0
BRDA:170,17,0,0
BRDA:170,17,1,0
BRDA:208,18,0,0
BRDA:208,18,1,0
BRDA:209,19,0,0
BRDA:209,19,1,0
BRDA:218,20,0,0
BRDA:218,20,1,0
BRDA:222,21,0,0
BRDA:222,21,1,0
BRDA:230,22,0,0
BRDA:230,22,1,0
BRDA:230,23,0,0
BRDA:230,23,1,0
BRDA:245,24,0,0
BRDA:245,24,1,0
BRDA:250,25,0,0
BRDA:250,25,1,0
BRDA:292,26,0,0
BRDA:292,26,1,0
BRDA:292,27,0,0
BRDA:292,27,1,0
BRDA:292,27,2,0
BRDA:292,27,3,0
BRDA:292,27,4,0
BRDA:294,28,0,0
BRDA:294,28,1,0
BRDA:294,29,0,0
BRDA:294,29,1,0
BRDA:363,30,0,0
BRDA:363,30,1,0
BRDA:364,31,0,0
BRDA:364,31,1,0
BRDA:396,32,0,0
BRDA:396,32,1,0
BRDA:403,33,0,0
BRDA:403,33,1,0
BRDA:409,34,0,0
BRDA:409,34,1,0
BRDA:410,35,0,0
BRDA:410,35,1,0
BRDA:413,36,0,0
BRDA:413,36,1,0
BRDA:422,37,0,0
BRDA:422,37,1,0
BRDA:422,37,2,0
BRDA:430,38,0,0
BRDA:430,38,1,0
BRF:86
BRH:0
end_of_record
TN:
SF:src/main.jsx
FNF:0
FNH:0
DA:6,0
LF:1
LH:0
BRF:0
BRH:0
end_of_record
TN:
SF:src/components/DetailFlag.jsx
FN:23,(anonymous_0)
FN:32,(anonymous_1)
FN:76,(anonymous_2)
FNF:3
FNH:0
FNDA:0,(anonymous_0)
FNDA:0,(anonymous_1)
FNDA:0,(anonymous_2)
DA:8,1
DA:23,1
DA:24,0
DA:25,0
DA:29,0
DA:32,0
DA:34,0
DA:37,0
DA:40,0
DA:43,0
DA:46,0
DA:49,0
DA:50,0
DA:51,0
DA:56,0
DA:71,0
DA:77,0
LF:17
LH:2
BRDA:24,0,0,0
BRDA:24,0,1,0
BRDA:24,1,0,0
BRDA:24,1,1,0
BRDA:34,2,0,0
BRDA:34,2,1,0
BRDA:37,3,0,0
BRDA:37,3,1,0
BRDA:46,4,0,0
BRDA:46,4,1,0
BRDA:50,5,0,0
BRDA:50,5,1,0
BRDA:50,6,0,0
BRDA:50,6,1,0
BRDA:50,6,2,0
BRF:15
BRH:0
end_of_record
TN:
SF:src/components/DetailFlags.jsx
FN:11,(anonymous_0)
FN:28,(anonymous_1)
FN:40,(anonymous_2)
FNF:3
FNH:0
FNDA:0,(anonymous_0)
FNDA:0,(anonymous_1)
FNDA:0,(anonymous_2)
DA:11,0
DA:12,0
DA:13,0
DA:16,0
DA:17,0
DA:20,0
DA:21,0
DA:24,0
DA:27,0
DA:28,0
DA:29,0
DA:34,0
DA:35,0
DA:38,0
DA:41,0
LF:15
LH:0
BRDA:11,0,0,0
BRDA:11,1,0,0
BRDA:12,2,0,0
BRDA:12,2,1,0
BRDA:20,3,0,0
BRDA:20,3,1,0
BRDA:27,4,0,0
BRDA:27,4,1,0
BRDA:34,5,0,0
BRDA:34,5,1,0
BRDA:45,6,0,0
BRDA:45,6,1,0
BRDA:45,6,2,0
BRF:13
BRH:0
end_of_record
TN:
SF:src/components/MatchMap.jsx
FN:5,MatchMap
FN:9,(anonymous_1)
FN:38,(anonymous_2)
FN:52,(anonymous_3)
FNF:4
FNH:0
FNDA:0,MatchMap
FNDA:0,(anonymous_1)
FNDA:0,(anonymous_2)
FNDA:0,(anonymous_3)
DA:6,0
DA:7,0
DA:9,0
DA:10,0
DA:13,0
DA:16,0
DA:32,0
DA:38,0
DA:39,0
DA:52,0
DA:55,0
LF:11
LH:0
BRDA:10,0,0,0
BRDA:10,0,1,0
BRDA:10,1,0,0
BRDA:10,1,1,0
BRDA:43,2,0,0
BRDA:43,2,1,0
BRF:6
BRH:0
end_of_record
TN:
SF:src/components/admindashboard.jsx
FN:5,AdminDashboard
FN:24,(anonymous_1)
FN:27,(anonymous_2)
FN:33,(anonymous_3)
FN:39,(anonymous_4)
FN:41,(anonymous_5)
FN:43,(anonymous_6)
FN:45,(anonymous_7)
FN:46,(anonymous_8)
FN:51,(anonymous_9)
FN:54,(anonymous_10)
FN:60,(anonymous_11)
FN:66,(anonymous_12)
FN:68,(anonymous_13)
FN:70,(anonymous_14)
FN:72,(anonymous_15)
FN:73,(anonymous_16)
FN:78,(anonymous_17)
FN:81,(anonymous_18)
FN:87,(anonymous_19)
FN:93,(anonymous_20)
FN:95,(anonymous_21)
FN:97,(anonymous_22)
FN:99,(anonymous_23)
FN:100,(anonymous_24)
FN:105,(anonymous_25)
FN:122,(anonymous_26)
FN:133,(anonymous_27)
FN:168,(anonymous_28)
FN:180,(anonymous_29)
FN:209,(anonymous_30)
FN:245,(anonymous_31)
FN:274,(anonymous_32)
FNF:33
FNH:0
FNDA:0,AdminDashboard
FNDA:0,(anonymous_1)
FNDA:0,(anonymous_2)
FNDA:0,(anonymous_3)
FNDA:0,(anonymous_4)
FNDA:0,(anonymous_5)
FNDA:0,(anonymous_6)
FNDA:0,(anonymous_7)
FNDA:0,(anonymous_8)
FNDA:0,(anonymous_9)
FNDA:0,(anonymous_10)
FNDA:0,(anonymous_11)
FNDA:0,(anonymous_12)
FNDA:0,(anonymous_13)
FNDA:0,(anonymous_14)
FNDA:0,(anonymous_15)
FNDA:0,(anonymous_16)
FNDA:0,(anonymous_17)
FNDA:0,(anonymous_18)
FNDA:0,(anonymous_19)
FNDA:0,(anonymous_20)
FNDA:0,(anonymous_21)
FNDA:0,(anonymous_22)
FNDA:0,(anonymous_23)
FNDA:0,(anonymous_24)
FNDA:0,(anonymous_25)
FNDA:0,(anonymous_26)
FNDA:0,(anonymous_27)
FNDA:0,(anonymous_28)
FNDA:0,(anonymous_29)
FNDA:0,(anonymous_30)
FNDA:0,(anonymous_31)
FNDA:0,(anonymous_32)
DA:6,0
DA:7,0
DA:8,0
DA:12,0
DA:17,0
DA:24,0
DA:25,0
DA:27,0
DA:28,0
DA:34,0
DA:35,0
DA:37,0
DA:40,0
DA:41,0
DA:44,0
DA:45,0
DA:46,0
DA:51,0
DA:52,0
DA:54,0
DA:55,0
DA:61,0
DA:62,0
DA:64,0
DA:67,0
DA:68,0
DA:71,0
DA:72,0
DA:73,0
DA:78,0
DA:79,0
DA:81,0
DA:82,0
DA:88,0
DA:89,0
DA:91,0
DA:94,0
DA:95,0
DA:98,0
DA:99,0
DA:100,0
DA:105,0
DA:106,0
DA:107,0
DA:116,0
DA:117,0
DA:121,0
DA:122,0
DA:123,0
DA:126,0
DA:128,0
DA:129,0
DA:133,0
DA:134,0
DA:135,0
DA:136,0
DA:137,0
DA:139,0
DA:143,0
DA:169,0
DA:180,0
DA:210,0
DA:246,0
DA:275,0
LF:64
LH:0
BRDA:25,0,0,0
BRDA:25,0,1,0
BRDA:34,1,0,0
BRDA:34,1,1,0
BRDA:52,2,0,0
BRDA:52,2,1,0
BRDA:61,3,0,0
BRDA:61,3,1,0
BRDA:79,4,0,0
BRDA:79,4,1,0
BRDA:88,5,0,0
BRDA:88,5,1,0
BRDA:116,6,0,0
BRDA:116,6,1,0
BRDA:123,7,0,0
BRDA:123,7,1,0
BRDA:126,8,0,0
BRDA:126,8,1,0
BRDA:134,9,0,0
BRDA:134,9,1,0
BRDA:149,10,0,0
BRDA:149,10,1,0
BRDA:151,11,0,0
BRDA:151,11,1,0
BRDA:172,12,0,0
BRDA:172,12,1,0
BRDA:173,13,0,0
BRDA:173,13,1,0
BRDA:174,14,0,0
BRDA:174,14,1,0
BRDA:179,15,0,0
BRDA:179,15,1,0
BRDA:182,16,0,0
BRDA:182,16,1,0
BRDA:193,17,0,0
BRDA:193,17,1,0
BRDA:195,18,0,0
BRDA:195,18,1,0
BRDA:224,19,0,0
BRDA:224,19,1,0
BRDA:226,20,0,0
BRDA:226,20,1,0
BRF:42
BRH:0
end_of_record
TN:
SF:src/components/advancedsearch.jsx
FN:8,AdvancedSearch
FN:14,(anonymous_1)
FN:16,(anonymous_2)
FN:25,(anonymous_3)
FN:40,(anonymous_4)
FN:50,(anonymous_5)
FN:53,(anonymous_6)
FN:61,(anonymous_7)
FN:67,(anonymous_8)
FN:85,(anonymous_9)
FNF:10
FNH:0
FNDA:0,AdvancedSearch
FNDA:0,(anonymous_1)
FNDA:0,(anonymous_2)
FNDA:0,(anonymous_3)
FNDA:0,(anonymous_4)
FNDA:0,(anonymous_5)
FNDA:0,(anonymous_6)
FNDA:0,(anonymous_7)
FNDA:0,(anonymous_8)
FNDA:0,(anonymous_9)
DA:9,0
DA:10,0
DA:11,0
DA:12,0
DA:14,0
DA:15,0
DA:16,0
DA:20,0
DA:21,0
DA:25,0
DA:26,0
DA:29,0
DA:40,0
DA:50,0
DA:54,0
DA:61,0
DA:68,0
DA:86,0
LF:18
LH:0
BRDA:15,0,0,0
BRDA:15,0,1,0
BRDA:15,1,0,0
BRDA:15,1,1,0
BRDA:65,2,0,0
BRDA:65,2,1,0
BRDA:66,3,0,0
BRDA:66,3,1,0
BRDA:81,4,0,0
BRDA:81,4,1,0
BRDA:88,5,0,0
BRDA:88,5,1,0
BRF:12
BRH:0
end_of_record
TN:
SF:src/components/advancedsearchclaude.jsx
FN:12,ClaudeAdvancedSearch
FN:25,(anonymous_1)
FN:47,(anonymous_2)
FN:67,(anonymous_3)
FN:69,(anonymous_4)
FN:98,(anonymous_5)
FN:99,(anonymous_6)
FN:106,(anonymous_7)
FN:110,(anonymous_8)
FN:114,(anonymous_9)
FN:199,(anonymous_10)
FN:232,(anonymous_11)
FN:244,(anonymous_12)
FN:256,(anonymous_13)
FN:270,(anonymous_14)
FN:298,(anonymous_15)
FN:302,(anonymous_16)
FN:304,(anonymous_17)
FN:314,(anonymous_18)
FN:334,(anonymous_19)
FN:337,(anonymous_20)
FN:353,(anonymous_21)
FN:356,(anonymous_22)
FN:367,(anonymous_23)
FN:370,(anonymous_24)
FN:410,(anonymous_25)
FN:423,(anonymous_26)
FNF:27
FNH:0
FNDA:0,ClaudeAdvancedSearch
FNDA:0,(anonymous_1)
FNDA:0,(anonymous_2)
FNDA:0,(anonymous_3)
FNDA:0,(anonymous_4)
FNDA:0,(anonymous_5)
FNDA:0,(anonymous_6)
FNDA:0,(anonymous_7)
FNDA:0,(anonymous_8)
FNDA:0,(anonymous_9)
FNDA:0,(anonymous_10)
FNDA:0,(anonymous_11)
FNDA:0,(anonymous_12)
FNDA:0,(anonymous_13)
FNDA:0,(anonymous_14)
FNDA:0,(anonymous_15)
FNDA:0,(anonymous_16)
FNDA:0,(anonymous_17)
FNDA:0,(anonymous_18)
FNDA:0,(anonymous_19)
FNDA:0,(anonymous_20)
FNDA:0,(anonymous_21)
FNDA:0,(anonymous_22)
FNDA:0,(anonymous_23)
FNDA:0,(anonymous_24)
FNDA:0,(anonymous_25)
FNDA:0,(anonymous_26)
DA:13,0
DA:14,0
DA:15,0
DA:16,0
DA:17,0
DA:18,0
DA:19,0
DA:20,0
DA:21,0
DA:22,0
DA:23,0
DA:25,0
DA:26,0
DA:27,0
DA:30,0
DA:32,0
DA:33,0
DA:35,0
DA:36,0
DA:38,0
DA:39,0
DA:41,0
DA:42,0
DA:44,0
DA:47,0
DA:57,0
DA:58,0
DA:59,0
DA:60,0
DA:61,0
DA:62,0
DA:63,0
DA:67,0
DA:68,0
DA:69,0
DA:71,0
DA:73,0
DA:75,0
DA:77,0
DA:79,0
DA:81,0
DA:98,0
DA:99,0
DA:100,0
DA:101,0
DA:102,0
DA:106,0
DA:107,0
DA:110,0
DA:111,0
DA:114,0
DA:115,0
DA:116,0
DA:117,0
DA:118,0
DA:119,0
DA:120,0
DA:123,0
DA:199,0
DA:232,0
DA:244,0
DA:256,0
DA:270,0
DA:298,0
DA:303,0
DA:304,0
DA:314,0
DA:334,0
DA:338,0
DA:353,0
DA:357,0
DA:367,0
DA:371,0
DA:411,0
DA:423,0
LF:75
LH:0
BRDA:26,0,0,0
BRDA:26,0,1,0
BRDA:26,1,0,0
BRDA:26,1,1,0
BRDA:26,1,2,0
BRDA:26,1,3,0
BRDA:26,1,4,0
BRDA:30,2,0,0
BRDA:30,2,1,0
BRDA:30,2,2,0
BRDA:30,2,3,0
BRDA:30,2,4,0
BRDA:68,3,0,0
BRDA:68,3,1,0
BRDA:71,4,0,0
BRDA:71,4,1,0
BRDA:71,4,2,0
BRDA:71,4,3,0
BRDA:71,4,4,0
BRDA:73,5,0,0
BRDA:73,5,1,0
BRDA:75,6,0,0
BRDA:75,6,1,0
BRDA:77,7,0,0
BRDA:77,7,1,0
BRDA:79,8,0,0
BRDA:79,8,1,0
BRDA:79,9,0,0
BRDA:79,9,1,0
BRDA:116,10,0,0
BRDA:116,10,1,0
BRDA:117,11,0,0
BRDA:117,11,1,0
BRDA:118,12,0,0
BRDA:118,12,1,0
BRDA:119,13,0,0
BRDA:119,13,1,0
BRDA:286,14,0,0
BRDA:286,14,1,0
BRDA:286,14,2,0
BRDA:326,15,0,0
BRDA:326,15,1,0
BRDA:326,15,2,0
BRDA:329,16,0,0
BRDA:329,16,1,0
BRDA:330,17,0,0
BRDA:330,17,1,0
BRDA:337,18,0,0
BRDA:337,18,1,0
BRDA:339,19,0,0
BRDA:339,19,1,0
BRDA:347,20,0,0
BRDA:347,20,1,0
BRDA:347,20,2,0
BRDA:356,21,0,0
BRDA:356,21,1,0
BRDA:358,22,0,0
BRDA:358,22,1,0
BRDA:370,23,0,0
BRDA:370,23,1,0
BRDA:372,24,0,0
BRDA:372,24,1,0
BRDA:382,25,0,0
BRDA:382,25,1,0
BRDA:382,25,2,0
BRDA:382,25,3,0
BRDA:382,25,4,0
BRDA:382,25,5,0
BRDA:393,26,0,0
BRDA:393,26,1,0
BRDA:417,27,0,0
BRDA:417,27,1,0
BRF:72
BRH:0
end_of_record
TN:
SF:src/components/advancedsearchgemini.jsx
FN:182,(anonymous_0)
FN:183,(anonymous_1)
FN:184,(anonymous_2)
FN:185,(anonymous_3)
FN:188,(anonymous_4)
FN:260,GeminiAdvancedSearch
FN:262,(anonymous_6)
FN:265,(anonymous_7)
FN:281,(anonymous_8)
FN:282,(anonymous_9)
FN:292,(anonymous_10)
FN:298,(anonymous_11)
FN:323,(anonymous_12)
FN:334,(anonymous_13)
FN:358,(anonymous_14)
FN:376,(anonymous_15)
FN:387,(anonymous_16)
FNF:17
FNH:0
FNDA:0,(anonymous_0)
FNDA:0,(anonymous_1)
FNDA:0,(anonymous_2)
FNDA:0,(anonymous_3)
FNDA:0,(anonymous_4)
FNDA:0,GeminiAdvancedSearch
FNDA:0,(anonymous_6)
FNDA:0,(anonymous_7)
FNDA:0,(anonymous_8)
FNDA:0,(anonymous_9)
FNDA:0,(anonymous_10)
FNDA:0,(anonymous_11)
FNDA:0,(anonymous_12)
FNDA:0,(anonymous_13)
FNDA:0,(anonymous_14)
FNDA:0,(anonymous_15)
FNDA:0,(anonymous_16)
DA:6,0
DA:182,0
DA:183,0
DA:184,0
DA:185,0
DA:188,0
DA:189,0
DA:262,0
DA:265,0
DA:266,0
DA:267,0
DA:268,0
DA:274,0
DA:277,0
DA:278,0
DA:281,0
DA:282,0
DA:292,0
DA:293,0
DA:294,0
DA:298,0
DA:299,0
DA:302,0
DA:323,0
DA:335,0
DA:336,0
DA:338,0
DA:358,0
DA:376,0
DA:387,0
LF:30
LH:0
BRDA:336,0,0,0
BRDA:336,0,1,0
BRDA:342,1,0,0
BRDA:342,1,1,0
BRDA:363,2,0,0
BRDA:363,2,1,0
BRDA:366,3,0,0
BRDA:366,3,1,0
BRF:8
BRH:0
end_of_record
TN:
SF:src/components/carousel.jsx
FN:5,ControlledCarousel
FN:36,(anonymous_1)
FNF:2
FNH:0
FNDA:0,ControlledCarousel
FNDA:0,(anonymous_1)
DA:25,0
DA:37,0
LF:2
LH:0
BRDA:28,0,0,0
BRDA:28,0,1,0
BRDA:28,1,0,0
BRDA:28,1,1,0
BRF:4
BRH:0
end_of_record
TN:
SF:src/components/chatmessage.jsx
FN:1,ChatMessage
FNF:1
FNH:0
FNDA:0,ChatMessage
DA:4,0
LF:1
LH:0
BRDA:6,0,0,0
BRDA:6,0,1,0
BRDA:8,1,0,0
BRDA:8,1,1,0
BRDA:10,2,0,0
BRDA:10,2,1,0
BRDA:12,3,0,0
BRDA:12,3,1,0
BRDA:14,4,0,0
BRDA:14,4,1,0
BRDA:14,5,0,0
BRDA:14,5,1,0
BRDA:14,5,2,0
BRDA:16,6,0,0
BRDA:16,6,1,0
BRDA:16,7,0,0
BRDA:16,7,1,0
BRF:17
BRH:0
end_of_record
TN:
SF:src/components/chatmodal.jsx
FN:8,convertISODateToLocal
FN:17,ChatModal
FN:20,(anonymous_2)
FN:28,(anonymous_3)
FN:34,(anonymous_4)
FN:66,(anonymous_5)
FN:74,(anonymous_6)
FN:94,(anonymous_7)
FN:107,(anonymous_8)
FN:126,(anonymous_9)
FN:138,(anonymous_10)
FN:145,(anonymous_11)
FN:146,(anonymous_12)
FN:150,(anonymous_13)
FN:161,(anonymous_14)
FN:164,(anonymous_15)
FN:177,(anonymous_16)
FN:184,(anonymous_17)
FN:201,(anonymous_18)
FN:204,(anonymous_19)
FN:209,(anonymous_20)
FN:214,(anonymous_21)
FN:218,(anonymous_22)
FN:219,(anonymous_23)
FN:222,(anonymous_24)
FN:223,(anonymous_25)
FN:226,(anonymous_26)
FN:233,(anonymous_27)
FN:247,(anonymous_28)
FN:255,(anonymous_29)
FN:263,(anonymous_30)
FN:268,(anonymous_31)
FN:295,(anonymous_32)
FN:305,(anonymous_33)
FN:310,(anonymous_34)
FN:337,(anonymous_35)
FN:484,(anonymous_36)
FN:538,(anonymous_37)
FN:539,(anonymous_38)
FN:554,(anonymous_39)
FN:561,(anonymous_40)
FN:581,ChatModalButton
FN:582,(anonymous_42)
FNF:43
FNH:1
FNDA:0,convertISODateToLocal
FNDA:12,ChatModal
FNDA:0,(anonymous_2)
FNDA:0,(anonymous_3)
FNDA:0,(anonymous_4)
FNDA:0,(anonymous_5)
FNDA:0,(anonymous_6)
FNDA:0,(anonymous_7)
FNDA:0,(anonymous_8)
FNDA:0,(anonymous_9)
FNDA:0,(anonymous_10)
FNDA:0,(anonymous_11)
FNDA:0,(anonymous_12)
FNDA:0,(anonymous_13)
FNDA:0,(anonymous_14)
FNDA:0,(anonymous_15)
FNDA:0,(anonymous_16)
FNDA:0,(anonymous_17)
FNDA:0,(anonymous_18)
FNDA:0,(anonymous_19)
FNDA:0,(anonymous_20)
FNDA:0,(anonymous_21)
FNDA:0,(anonymous_22)
FNDA:0,(anonymous_23)
FNDA:0,(anonymous_24)
FNDA:0,(anonymous_25)
FNDA:0,(anonymous_26)
FNDA:0,(anonymous_27)
FNDA:0,(anonymous_28)
FNDA:0,(anonymous_29)
FNDA:0,(anonymous_30)
FNDA:0,(anonymous_31)
FNDA:0,(anonymous_32)
FNDA:0,(anonymous_33)
FNDA:0,(anonymous_34)
FNDA:0,(anonymous_35)
FNDA:0,(anonymous_36)
FNDA:0,(anonymous_37)
FNDA:0,(anonymous_38)
FNDA:0,(anonymous_39)
FNDA:0,(anonymous_40)
FNDA:0,ChatModalButton
FNDA:0,(anonymous_42)
DA:9,0
DA:12,0
DA:13,0
DA:19,12
DA:20,12
DA:21,0
DA:23,0
DA:24,0
DA:28,12
DA:30,0
DA:34,12
DA:35,0
DA:37,0
DA:38,0
DA:46,0
DA:47,0
DA:50,0
DA:53,12
DA:54,12
DA:55,12
DA:56,12
DA:59,12
DA:61,12
DA:63,12
DA:66,12
DA:67,0
DA:68,0
DA:74,12
DA:75,0
DA:77,0
DA:78,0
DA:80,0
DA:87,0
DA:88,0
DA:91,0
DA:94,0
DA:95,0
DA:96,0
DA:97,0
DA:98,0
DA:99,0
DA:100,0
DA:102,0
DA:106,0
DA:107,0
DA:108,0
DA:110,0
DA:112,0
DA:113,0
DA:114,0
DA:116,0
DA:119,0
DA:121,0
DA:126,12
DA:127,0
DA:129,0
DA:130,0
DA:132,0
DA:134,0
DA:138,12
DA:139,0
DA:140,0
DA:143,0
DA:145,0
DA:146,0
DA:147,0
DA:150,0
DA:151,0
DA:152,0
DA:153,0
DA:155,0
DA:157,0
DA:158,0
DA:161,0
DA:164,0
DA:165,0
DA:166,0
DA:167,0
DA:168,0
DA:169,0
DA:170,0
DA:172,0
DA:176,0
DA:177,0
DA:178,0
DA:180,0
DA:183,0
DA:184,0
DA:187,0
DA:189,0
DA:191,0
DA:192,0
DA:193,0
DA:194,0
DA:195,0
DA:196,0
DA:200,0
DA:201,0
DA:204,0
DA:208,0
DA:209,0
DA:213,0
DA:214,0
DA:218,0
DA:219,0
DA:222,0
DA:223,0
DA:226,0
DA:227,0
DA:228,0
DA:233,12
DA:234,0
DA:235,0
DA:236,0
DA:239,0
DA:247,0
DA:255,0
DA:258,0
DA:263,12
DA:264,0
DA:266,0
DA:268,0
DA:276,0
DA:284,0
DA:285,0
DA:292,0
DA:295,0
DA:305,12
DA:306,0
DA:308,0
DA:310,0
DA:318,0
DA:326,0
DA:327,0
DA:334,0
DA:337,0
DA:346,12
DA:485,0
DA:538,0
DA:540,0
DA:541,0
DA:542,0
DA:554,0
DA:561,0
DA:582,0
DA:583,0
DA:584,0
DA:585,0
DA:588,0
LF:149
LH:19
BRDA:23,0,0,0
BRDA:23,0,1,0
BRDA:23,1,0,0
BRDA:23,1,1,0
BRDA:35,2,0,0
BRDA:35,2,1,0
BRDA:35,3,0,0
BRDA:35,3,1,0
BRDA:35,3,2,0
BRDA:35,3,3,0
BRDA:35,3,4,0
BRDA:46,4,0,0
BRDA:46,4,1,0
BRDA:67,5,0,0
BRDA:67,5,1,0
BRDA:75,6,0,0
BRDA:75,6,1,0
BRDA:75,7,0,0
BRDA:75,7,1,0
BRDA:75,7,2,0
BRDA:87,8,0,0
BRDA:87,8,1,0
BRDA:91,9,0,0
BRDA:91,9,1,0
BRDA:95,10,0,0
BRDA:95,10,1,0
BRDA:97,11,0,0
BRDA:97,11,1,0
BRDA:99,12,0,0
BRDA:99,12,1,0
BRDA:108,13,0,0
BRDA:108,13,1,0
BRDA:127,14,0,0
BRDA:127,14,1,0
BRDA:127,15,0,0
BRDA:127,15,1,0
BRDA:129,16,0,0
BRDA:129,16,1,0
BRDA:139,17,0,0
BRDA:139,17,1,0
BRDA:139,18,0,0
BRDA:139,18,1,0
BRDA:139,18,2,0
BRDA:139,18,3,0
BRDA:155,19,0,0
BRDA:155,19,1,0
BRDA:157,20,0,0
BRDA:157,20,1,0
BRDA:161,21,0,0
BRDA:161,21,1,0
BRDA:165,22,0,0
BRDA:165,22,1,0
BRDA:167,23,0,0
BRDA:167,23,1,0
BRDA:169,24,0,0
BRDA:169,24,1,0
BRDA:178,25,0,0
BRDA:178,25,1,0
BRDA:183,26,0,0
BRDA:183,26,1,0
BRDA:187,27,0,0
BRDA:187,27,1,0
BRDA:187,28,0,0
BRDA:187,28,1,0
BRDA:189,29,0,0
BRDA:189,29,1,0
BRDA:189,30,0,0
BRDA:189,30,1,0
BRDA:191,31,0,0
BRDA:191,31,1,0
BRDA:193,32,0,0
BRDA:193,32,1,0
BRDA:195,33,0,0
BRDA:195,33,1,0
BRDA:200,34,0,0
BRDA:200,34,1,0
BRDA:227,35,0,0
BRDA:227,35,1,0
BRDA:234,36,0,0
BRDA:234,36,1,0
BRDA:234,37,0,0
BRDA:234,37,1,0
BRDA:264,38,0,0
BRDA:264,38,1,0
BRDA:264,39,0,0
BRDA:264,39,1,0
BRDA:264,39,2,0
BRDA:284,40,0,0
BRDA:284,40,1,0
BRDA:306,41,0,0
BRDA:306,41,1,0
BRDA:306,42,0,0
BRDA:306,42,1,0
BRDA:306,42,2,0
BRDA:326,43,0,0
BRDA:326,43,1,0
BRDA:346,44,0,0
BRDA:346,44,1,12
BRDA:346,45,0,12
BRDA:346,45,1,12
BRDA:346,45,2,12
BRDA:434,46,0,0
BRDA:434,46,1,0
BRDA:441,47,0,0
BRDA:441,47,1,0
BRDA:442,48,0,0
BRDA:442,48,1,0
BRDA:463,49,0,0
BRDA:463,49,1,0
BRDA:474,50,0,0
BRDA:474,50,1,0
BRDA:480,51,0,0
BRDA:480,51,1,0
BRDA:486,52,0,0
BRDA:486,52,1,0
BRDA:488,53,0,0
BRDA:488,53,1,0
BRDA:490,54,0,0
BRDA:490,54,1,0
BRDA:492,55,0,0
BRDA:492,55,1,0
BRDA:492,56,0,0
BRDA:492,56,1,0
BRDA:494,57,0,0
BRDA:494,57,1,0
BRDA:494,58,0,0
BRDA:494,58,1,0
BRDA:496,59,0,0
BRDA:496,59,1,0
BRDA:496,60,0,0
BRDA:496,60,1,0
BRDA:501,61,0,0
BRDA:501,61,1,0
BRDA:501,62,0,0
BRDA:501,62,1,0
BRDA:503,63,0,0
BRDA:503,63,1,0
BRDA:505,64,0,0
BRDA:505,64,1,0
BRDA:507,65,0,0
BRDA:507,65,1,0
BRDA:509,66,0,0
BRDA:509,66,1,0
BRDA:509,67,0,0
BRDA:509,67,1,0
BRDA:511,68,0,0
BRDA:511,68,1,0
BRDA:511,69,0,0
BRDA:511,69,1,0
BRDA:513,70,0,0
BRDA:513,70,1,0
BRDA:513,71,0,0
BRDA:513,71,1,0
BRDA:520,72,0,0
BRDA:520,72,1,0
BRDA:520,73,0,0
BRDA:520,73,1,0
BRDA:520,73,2,0
BRDA:520,73,3,0
BRDA:540,74,0,0
BRDA:540,74,1,0
BRDA:596,75,0,0
BRDA:596,75,1,0
BRDA:603,76,0,0
BRDA:603,76,1,0
BRDA:604,77,0,0
BRDA:604,77,1,0
BRF:167
BRH:4
end_of_record
TN:
SF:src/components/chatselect.jsx
FN:7,convertISODateToLocal
FN:22,countUndeliveredMessages
FN:33,ChatSelect
FN:38,(anonymous_3)
FN:39,(anonymous_4)
FN:39,(anonymous_5)
FN:53,(anonymous_6)
FN:67,(anonymous_7)
FN:69,(anonymous_8)
FN:87,(anonymous_9)
FN:132,(anonymous_10)
FN:153,(anonymous_11)
FN:158,(anonymous_12)
FNF:13
FNH:6
FNDA:0,convertISODateToLocal
FNDA:20,countUndeliveredMessages
FNDA:12,ChatSelect
FNDA:0,(anonymous_3)
FNDA:0,(anonymous_4)
FNDA:0,(anonymous_5)
FNDA:2,(anonymous_6)
FNDA:8,(anonymous_7)
FNDA:16,(anonymous_8)
FNDA:20,(anonymous_9)
FNDA:0,(anonymous_10)
FNDA:0,(anonymous_11)
FNDA:0,(anonymous_12)
DA:8,0
DA:11,0
DA:18,0
DA:24,20
DA:26,10
DA:29,10
DA:34,12
DA:38,12
DA:39,12
DA:53,12
DA:54,2
DA:57,12
DA:67,8
DA:69,16
DA:88,20
DA:133,0
DA:154,0
DA:159,0
DA:160,0
LF:19
LH:12
BRDA:24,0,0,10
BRDA:24,0,1,10
BRDA:26,1,0,10
BRDA:26,1,1,0
BRDA:29,2,0,10
BRDA:29,2,1,0
BRDA:57,3,0,2
BRDA:57,3,1,10
BRDA:57,4,0,12
BRDA:57,4,1,11
BRDA:67,5,0,10
BRDA:67,5,1,10
BRDA:67,5,2,8
BRDA:81,6,0,0
BRDA:81,6,1,10
BRDA:81,7,0,10
BRDA:81,7,1,10
BRDA:88,8,0,10
BRDA:88,8,1,10
BRDA:127,9,0,0
BRDA:127,9,1,10
BRDA:127,10,0,10
BRDA:127,10,1,10
BRDA:127,10,2,10
BRDA:127,10,3,10
BRDA:139,11,0,0
BRDA:139,11,1,0
BRDA:164,12,0,0
BRDA:164,12,1,0
BRF:29
BRH:21
end_of_record
TN:
SF:src/components/confirmmatch.jsx
FN:7,convertISODateToLocal
FN:23,ConfirmMatchList
FN:34,(anonymous_2)
FN:45,(anonymous_3)
FN:48,(anonymous_4)
FN:52,(anonymous_5)
FN:71,(anonymous_6)
FN:93,(anonymous_7)
FN:135,(anonymous_8)
FNF:9
FNH:0
FNDA:0,convertISODateToLocal
FNDA:0,ConfirmMatchList
FNDA:0,(anonymous_2)
FNDA:0,(anonymous_3)
FNDA:0,(anonymous_4)
FNDA:0,(anonymous_5)
FNDA:0,(anonymous_6)
FNDA:0,(anonymous_7)
FNDA:0,(anonymous_8)
DA:8,0
DA:11,0
DA:19,0
DA:31,0
DA:33,0
DA:34,0
DA:45,0
DA:48,0
DA:49,0
DA:52,0
DA:53,0
DA:59,0
DA:60,0
DA:69,0
DA:70,0
DA:71,0
DA:72,0
DA:74,0
DA:77,0
DA:78,0
DA:81,0
DA:94,0
DA:135,0
LF:23
LH:0
BRDA:33,0,0,0
BRDA:33,0,1,0
BRDA:33,1,0,0
BRDA:33,1,1,0
BRDA:69,2,0,0
BRDA:69,2,1,0
BRDA:82,3,0,0
BRDA:82,3,1,0
BRDA:82,4,0,0
BRDA:82,4,1,0
BRDA:97,5,0,0
BRDA:97,5,1,0
BRDA:128,6,0,0
BRDA:128,6,1,0
BRF:14
BRH:0
end_of_record
TN:
SF:src/components/createprofile.jsx
FN:13,CreateProfile
FN:25,(anonymous_1)
FN:36,(anonymous_2)
FN:54,(anonymous_3)
FN:56,(anonymous_4)
FN:59,(anonymous_5)
FN:63,(anonymous_6)
FN:64,(anonymous_7)
FN:70,(anonymous_8)
FN:85,(anonymous_9)
FN:89,(anonymous_10)
FN:95,(anonymous_11)
FN:104,(anonymous_12)
FN:118,(anonymous_13)
FN:124,(anonymous_14)
FN:188,(anonymous_15)
FN:194,(anonymous_16)
FN:202,(anonymous_17)
FN:208,(anonymous_18)
FN:214,(anonymous_19)
FN:217,(anonymous_20)
FN:344,(anonymous_21)
FN:365,(anonymous_22)
FN:376,(anonymous_23)
FNF:24
FNH:0
FNDA:0,CreateProfile
FNDA:0,(anonymous_1)
FNDA:0,(anonymous_2)
FNDA:0,(anonymous_3)
FNDA:0,(anonymous_4)
FNDA:0,(anonymous_5)
FNDA:0,(anonymous_6)
FNDA:0,(anonymous_7)
FNDA:0,(anonymous_8)
FNDA:0,(anonymous_9)
FNDA:0,(anonymous_10)
FNDA:0,(anonymous_11)
FNDA:0,(anonymous_12)
FNDA:0,(anonymous_13)
FNDA:0,(anonymous_14)
FNDA:0,(anonymous_15)
FNDA:0,(anonymous_16)
FNDA:0,(anonymous_17)
FNDA:0,(anonymous_18)
FNDA:0,(anonymous_19)
FNDA:0,(anonymous_20)
FNDA:0,(anonymous_21)
FNDA:0,(anonymous_22)
FNDA:0,(anonymous_23)
DA:24,0
DA:25,0
DA:27,0
DA:28,0
DA:36,0
DA:41,0
DA:54,0
DA:55,0
DA:56,0
DA:59,0
DA:60,0
DA:63,0
DA:64,0
DA:70,0
DA:71,0
DA:72,0
DA:73,0
DA:76,0
DA:80,0
DA:81,0
DA:84,0
DA:86,0
DA:89,0
DA:96,0
DA:97,0
DA:102,0
DA:104,0
DA:106,0
DA:107,0
DA:108,0
DA:110,0
DA:111,0
DA:114,0
DA:118,0
DA:120,0
DA:121,0
DA:124,0
DA:126,0
DA:127,0
DA:128,0
DA:135,0
DA:148,0
DA:149,0
DA:158,0
DA:159,0
DA:161,0
DA:164,0
DA:165,0
DA:169,0
DA:170,0
DA:173,0
DA:174,0
DA:175,0
DA:177,0
DA:180,0
DA:181,0
DA:185,0
DA:188,0
DA:190,0
DA:191,0
DA:194,0
DA:195,0
DA:196,0
DA:197,0
DA:202,0
DA:203,0
DA:204,0
DA:208,0
DA:214,0
DA:217,0
DA:223,0
DA:344,0
DA:365,0
LF:73
LH:0
BRDA:27,0,0,0
BRDA:27,0,1,0
BRDA:27,1,0,0
BRDA:27,1,1,0
BRDA:29,2,0,0
BRDA:29,2,1,0
BRDA:30,3,0,0
BRDA:30,3,1,0
BRDA:31,4,0,0
BRDA:31,4,1,0
BRDA:32,5,0,0
BRDA:32,5,1,0
BRDA:33,6,0,0
BRDA:33,6,1,0
BRDA:34,7,0,0
BRDA:34,7,1,0
BRDA:35,8,0,0
BRDA:35,8,1,0
BRDA:36,9,0,0
BRDA:36,9,1,0
BRDA:37,10,0,0
BRDA:37,10,1,0
BRDA:71,11,0,0
BRDA:71,11,1,0
BRDA:80,12,0,0
BRDA:80,12,1,0
BRDA:106,13,0,0
BRDA:106,13,1,0
BRDA:106,14,0,0
BRDA:106,14,1,0
BRDA:126,15,0,0
BRDA:126,15,1,0
BRDA:126,16,0,0
BRDA:126,16,1,0
BRDA:130,17,0,0
BRDA:130,17,1,0
BRDA:136,18,0,0
BRDA:136,18,1,0
BRDA:142,19,0,0
BRDA:142,19,1,0
BRDA:158,20,0,0
BRDA:158,20,1,0
BRDA:164,21,0,0
BRDA:164,21,1,0
BRDA:164,22,0,0
BRDA:164,22,1,0
BRDA:169,23,0,0
BRDA:169,23,1,0
BRDA:169,24,0,0
BRDA:169,24,1,0
BRDA:175,25,0,0
BRDA:175,25,1,0
BRDA:175,26,0,0
BRDA:175,26,1,0
BRDA:195,27,0,0
BRDA:195,27,1,0
BRDA:195,28,0,0
BRDA:195,28,1,0
BRDA:203,29,0,0
BRDA:203,29,1,0
BRDA:314,30,0,0
BRDA:314,30,1,0
BRDA:331,31,0,0
BRDA:331,31,1,0
BRDA:346,32,0,0
BRDA:346,32,1,0
BRDA:350,33,0,0
BRDA:350,33,1,0
BRDA:355,34,0,0
BRDA:355,34,1,0
BRDA:355,34,2,0
BRDA:356,35,0,0
BRDA:356,35,1,0
BRDA:357,36,0,0
BRDA:357,36,1,0
BRDA:358,37,0,0
BRDA:358,37,1,0
BRDA:359,38,0,0
BRDA:359,38,1,0
BRDA:360,39,0,0
BRDA:360,39,1,0
BRDA:361,40,0,0
BRDA:361,40,1,0
BRDA:366,41,0,0
BRDA:366,41,1,0
BRDA:367,42,0,0
BRDA:367,42,1,0
BRDA:372,43,0,0
BRDA:372,43,1,0
BRDA:372,43,2,0
BRDA:373,44,0,0
BRDA:373,44,1,0
BRDA:374,45,0,0
BRDA:374,45,1,0
BRDA:383,46,0,0
BRDA:383,46,1,0
BRDA:383,47,0,0
BRDA:383,47,1,0
BRF:98
BRH:0
end_of_record
TN:
SF:src/components/detailsselections.jsx
FN:4,DetailsSelections
FN:9,(anonymous_1)
FN:14,(anonymous_2)
FNF:3
FNH:0
FNDA:0,DetailsSelections
FNDA:0,(anonymous_1)
FNDA:0,(anonymous_2)
DA:5,0
DA:10,0
DA:14,0
LF:3
LH:0
BRDA:4,0,0,0
BRDA:15,1,0,0
BRDA:15,1,1,0
BRF:3
BRH:0
end_of_record
TN:
SF:src/components/editor.jsx
FN:6,(anonymous_0)
FN:9,(anonymous_1)
FN:13,(anonymous_2)
FN:25,(anonymous_3)
FN:37,(anonymous_4)
FN:41,(anonymous_5)
FN:68,(anonymous_6)
FNF:7
FNH:0
FNDA:0,(anonymous_0)
FNDA:0,(anonymous_1)
FNDA:0,(anonymous_2)
FNDA:0,(anonymous_3)
FNDA:0,(anonymous_4)
FNDA:0,(anonymous_5)
FNDA:0,(anonymous_6)
DA:6,0
DA:7,0
DA:9,0
DA:10,0
DA:11,0
DA:12,0
DA:13,0
DA:14,0
DA:17,0
DA:18,0
DA:19,0
DA:21,0
DA:22,0
DA:25,0
DA:26,0
DA:27,0
DA:31,0
DA:37,0
DA:38,0
DA:39,0
DA:41,0
DA:43,0
DA:45,0
DA:60,0
DA:63,0
DA:64,0
DA:68,0
DA:69,0
DA:70,0
DA:71,0
DA:72,0
DA:79,0
LF:32
LH:0
BRDA:37,0,0,0
BRDA:43,1,0,0
BRDA:43,1,1,0
BRDA:43,2,0,0
BRDA:43,2,1,0
BRDA:43,2,2,0
BRDA:63,3,0,0
BRDA:63,3,1,0
BRDA:69,4,0,0
BRDA:69,4,1,0
BRDA:71,5,0,0
BRDA:71,5,1,0
BRF:12
BRH:0
end_of_record
TN:
SF:src/components/faq.jsx
FN:3,FAQ
FNF:1
FNH:0
FNDA:0,FAQ
DA:4,0
LF:1
LH:0
BRF:0
BRH:0
end_of_record
TN:
SF:src/components/humanityselections.jsx
FN:4,DetailsSelections
FN:9,(anonymous_1)
FNF:2
FNH:0
FNDA:0,DetailsSelections
FNDA:0,(anonymous_1)
DA:5,0
DA:10,0
LF:2
LH:0
BRF:0
BRH:0
end_of_record
TN:
SF:src/components/login.jsx
FN:7,SignIn
FN:19,(anonymous_1)
FN:21,(anonymous_2)
FN:24,(anonymous_3)
FN:47,(anonymous_4)
FNF:5
FNH:1
FNDA:10,SignIn
FNDA:0,(anonymous_1)
FNDA:0,(anonymous_2)
FNDA:0,(anonymous_3)
FNDA:0,(anonymous_4)
DA:14,10
DA:19,10
DA:20,0
DA:21,0
DA:24,10
DA:25,0
DA:26,0
DA:37,0
DA:38,0
DA:39,0
DA:40,0
DA:41,0
DA:42,0
DA:43,0
DA:46,0
DA:47,0
DA:50,0
DA:52,0
DA:55,0
DA:56,0
DA:60,10
LF:21
LH:4
BRDA:37,0,0,0
BRDA:37,0,1,0
BRDA:46,1,0,0
BRDA:46,1,1,0
BRF:4
BRH:0
end_of_record
TN:
SF:src/components/logout.jsx
FN:4,Logout
FN:12,(anonymous_1)
FNF:2
FNH:1
FNDA:8,Logout
FNDA:0,(anonymous_1)
DA:12,8
DA:13,0
DA:14,0
DA:22,0
DA:23,0
DA:24,0
DA:25,0
DA:27,0
DA:30,0
DA:31,0
DA:35,8
LF:11
LH:2
BRDA:22,0,0,0
BRDA:22,0,1,0
BRF:2
BRH:0
end_of_record
TN:
SF:src/components/matchlist.jsx
FN:10,MatchList
FN:25,(anonymous_1)
FN:36,(anonymous_2)
FN:39,(anonymous_3)
FN:43,(anonymous_4)
FN:62,(anonymous_5)
FN:74,(anonymous_6)
FN:98,(anonymous_7)
FN:100,(anonymous_8)
FN:135,(anonymous_9)
FN:196,(anonymous_10)
FNF:11
FNH:0
FNDA:0,MatchList
FNDA:0,(anonymous_1)
FNDA:0,(anonymous_2)
FNDA:0,(anonymous_3)
FNDA:0,(anonymous_4)
FNDA:0,(anonymous_5)
FNDA:0,(anonymous_6)
FNDA:0,(anonymous_7)
FNDA:0,(anonymous_8)
FNDA:0,(anonymous_9)
FNDA:0,(anonymous_10)
DA:18,0
DA:19,0
DA:20,0
DA:21,0
DA:24,0
DA:25,0
DA:36,0
DA:39,0
DA:40,0
DA:43,0
DA:44,0
DA:50,0
DA:51,0
DA:60,0
DA:61,0
DA:62,0
DA:63,0
DA:65,0
DA:68,0
DA:69,0
DA:74,0
DA:75,0
DA:76,0
DA:79,0
DA:80,0
DA:83,0
DA:85,0
DA:88,0
DA:89,0
DA:90,0
DA:91,0
DA:93,0
DA:94,0
DA:98,0
DA:99,0
DA:100,0
DA:101,0
DA:102,0
DA:105,0
DA:136,0
DA:196,0
LF:41
LH:0
BRDA:24,0,0,0
BRDA:24,0,1,0
BRDA:24,1,0,0
BRDA:24,1,1,0
BRDA:60,2,0,0
BRDA:60,2,1,0
BRDA:75,3,0,0
BRDA:75,3,1,0
BRDA:79,4,0,0
BRDA:79,4,1,0
BRDA:106,5,0,0
BRDA:106,5,1,0
BRDA:106,6,0,0
BRDA:106,6,1,0
BRDA:114,7,0,0
BRDA:114,7,1,0
BRDA:120,8,0,0
BRDA:120,8,1,0
BRDA:124,9,0,0
BRDA:124,9,1,0
BRDA:126,10,0,0
BRDA:126,10,1,0
BRDA:131,11,0,0
BRDA:131,11,1,0
BRDA:139,12,0,0
BRDA:139,12,1,0
BRDA:139,13,0,0
BRDA:139,13,1,0
BRDA:147,14,0,0
BRDA:147,14,1,0
BRDA:151,15,0,0
BRDA:151,15,1,0
BRDA:151,16,0,0
BRDA:151,16,1,0
BRDA:152,17,0,0
BRDA:152,17,1,0
BRDA:158,18,0,0
BRDA:158,18,1,0
BRDA:189,19,0,0
BRDA:189,19,1,0
BRF:40
BRH:0
end_of_record
TN:
SF:src/components/matchsearch.jsx
FNF:0
FNH:0
LF:0
LH:0
BRF:0
BRH:0
end_of_record
TN:
SF:src/components/navbar.jsx
FN:11,NavBar
FNF:1
FNH:0
FNDA:0,NavBar
DA:31,0
LF:1
LH:0
BRDA:41,0,0,0
BRDA:41,0,1,0
BRDA:71,1,0,0
BRDA:71,1,1,0
BRDA:80,2,0,0
BRDA:80,2,1,0
BRF:6
BRH:0
end_of_record
TN:
SF:src/components/notificationservice.jsx
FN:14,NotificationService
FN:21,(anonymous_1)
FN:33,(anonymous_2)
FN:46,(anonymous_3)
FN:57,(anonymous_4)
FN:90,(anonymous_5)
FN:99,(anonymous_6)
FN:100,(anonymous_7)
FN:119,(anonymous_8)
FNF:9
FNH:5
FNDA:17,NotificationService
FNDA:8,(anonymous_1)
FNDA:6,(anonymous_2)
FNDA:6,(anonymous_3)
FNDA:0,(anonymous_4)
FNDA:0,(anonymous_5)
FNDA:0,(anonymous_6)
FNDA:0,(anonymous_7)
FNDA:6,(anonymous_8)
DA:15,17
DA:16,17
DA:17,17
DA:18,17
DA:19,17
DA:21,17
DA:23,8
DA:24,2
DA:28,6
DA:29,0
DA:33,6
DA:34,6
DA:35,6
DA:39,6
DA:40,6
DA:41,6
DA:46,6
DA:47,6
DA:48,6
DA:51,6
DA:52,0
DA:53,0
DA:57,6
DA:58,0
DA:59,0
DA:61,0
DA:62,0
DA:63,0
DA:67,0
DA:68,0
DA:71,0
DA:73,0
DA:74,0
DA:76,0
DA:78,0
DA:79,0
DA:81,0
DA:83,0
DA:86,0
DA:90,6
DA:91,0
DA:92,0
DA:95,0
DA:96,0
DA:97,0
DA:99,0
DA:100,0
DA:101,0
DA:104,0
DA:106,0
DA:110,6
DA:112,0
DA:116,6
DA:119,6
DA:120,6
DA:121,0
DA:122,0
DA:125,6
DA:126,0
DA:132,17
LF:60
LH:27
BRDA:23,0,0,2
BRDA:23,0,1,6
BRDA:23,1,0,8
BRDA:23,1,1,7
BRDA:28,2,0,0
BRDA:28,2,1,6
BRDA:51,3,0,0
BRDA:51,3,1,6
BRDA:61,4,0,0
BRDA:61,4,1,0
BRDA:71,5,0,0
BRDA:71,5,1,0
BRDA:71,5,2,0
BRDA:73,6,0,0
BRDA:73,6,1,0
BRDA:78,7,0,0
BRDA:78,7,1,0
BRDA:95,8,0,0
BRDA:95,8,1,0
BRDA:120,9,0,0
BRDA:120,9,1,6
BRDA:125,10,0,0
BRDA:125,10,1,6
BRF:23
BRH:8
end_of_record
TN:
SF:src/components/photomanager.jsx
FN:10,PhotoManager
FN:13,(anonymous_1)
FN:19,(anonymous_2)
FN:21,(anonymous_3)
FN:29,(anonymous_4)
FN:35,(anonymous_5)
FN:53,(anonymous_6)
FN:60,(anonymous_7)
FN:76,(anonymous_8)
FN:92,(anonymous_9)
FN:95,(anonymous_10)
FN:119,(anonymous_11)
FN:138,(anonymous_12)
FN:153,(anonymous_13)
FN:162,(anonymous_14)
FN:167,(anonymous_15)
FN:181,(anonymous_16)
FN:186,(anonymous_17)
FN:194,(anonymous_18)
FN:267,(anonymous_19)
FN:272,(anonymous_20)
FN:277,(anonymous_21)
FN:328,(anonymous_22)
FN:372,(anonymous_23)
FN:399,(anonymous_24)
FN:409,(anonymous_25)
FN:417,(anonymous_26)
FN:427,(anonymous_27)
FNF:28
FNH:0
FNDA:0,PhotoManager
FNDA:0,(anonymous_1)
FNDA:0,(anonymous_2)
FNDA:0,(anonymous_3)
FNDA:0,(anonymous_4)
FNDA:0,(anonymous_5)
FNDA:0,(anonymous_6)
FNDA:0,(anonymous_7)
FNDA:0,(anonymous_8)
FNDA:0,(anonymous_9)
FNDA:0,(anonymous_10)
FNDA:0,(anonymous_11)
FNDA:0,(anonymous_12)
FNDA:0,(anonymous_13)
FNDA:0,(anonymous_14)
FNDA:0,(anonymous_15)
FNDA:0,(anonymous_16)
FNDA:0,(anonymous_17)
FNDA:0,(anonymous_18)
FNDA:0,(anonymous_19)
FNDA:0,(anonymous_20)
FNDA:0,(anonymous_21)
FNDA:0,(anonymous_22)
FNDA:0,(anonymous_23)
FNDA:0,(anonymous_24)
FNDA:0,(anonymous_25)
FNDA:0,(anonymous_26)
FNDA:0,(anonymous_27)
DA:12,0
DA:13,0
DA:14,0
DA:15,0
DA:16,0
DA:17,0
DA:19,0
DA:21,0
DA:22,0
DA:24,0
DA:25,0
DA:26,0
DA:27,0
DA:29,0
DA:31,0
DA:35,0
DA:36,0
DA:37,0
DA:38,0
DA:39,0
DA:45,0
DA:49,0
DA:53,0
DA:54,0
DA:55,0
DA:60,0
DA:61,0
DA:62,0
DA:65,0
DA:66,0
DA:67,0
DA:68,0
DA:69,0
DA:72,0
DA:73,0
DA:76,0
DA:77,0
DA:78,0
DA:79,0
DA:82,0
DA:85,0
DA:87,0
DA:88,0
DA:92,0
DA:95,0
DA:96,0
DA:99,0
DA:100,0
DA:101,0
DA:104,0
DA:105,0
DA:108,0
DA:116,0
DA:117,0
DA:119,0
DA:120,0
DA:124,0
DA:125,0
DA:126,0
DA:129,0
DA:135,0
DA:136,0
DA:137,0
DA:138,0
DA:141,0
DA:142,0
DA:143,0
DA:145,0
DA:148,0
DA:149,0
DA:153,0
DA:154,0
DA:156,0
DA:160,0
DA:162,0
DA:163,0
DA:164,0
DA:167,0
DA:172,0
DA:173,0
DA:176,0
DA:177,0
DA:181,0
DA:182,0
DA:183,0
DA:186,0
DA:187,0
DA:191,0
DA:194,0
DA:195,0
DA:196,0
DA:198,0
DA:206,0
DA:213,0
DA:216,0
DA:218,0
DA:219,0
DA:220,0
DA:221,0
DA:222,0
DA:240,0
DA:241,0
DA:248,0
DA:249,0
DA:253,0
DA:254,0
DA:256,0
DA:259,0
DA:260,0
DA:262,0
DA:267,0
DA:268,0
DA:269,0
DA:272,0
DA:273,0
DA:274,0
DA:277,0
DA:278,0
DA:279,0
DA:280,0
DA:281,0
DA:284,0
DA:328,0
DA:373,0
DA:374,0
DA:375,0
DA:399,0
DA:409,0
DA:417,0
DA:427,0
LF:130
LH:0
BRDA:13,0,0,0
BRDA:13,0,1,0
BRDA:14,1,0,0
BRDA:14,1,1,0
BRDA:21,2,0,0
BRDA:21,2,1,0
BRDA:22,3,0,0
BRDA:22,3,1,0
BRDA:31,4,0,0
BRDA:31,4,1,0
BRDA:36,5,0,0
BRDA:36,5,1,0
BRDA:36,6,0,0
BRDA:36,6,1,0
BRDA:38,7,0,0
BRDA:38,7,1,0
BRDA:54,8,0,0
BRDA:54,8,1,0
BRDA:62,9,0,0
BRDA:62,9,1,0
BRDA:67,10,0,0
BRDA:67,10,1,0
BRDA:77,11,0,0
BRDA:77,11,1,0
BRDA:85,12,0,0
BRDA:85,12,1,0
BRDA:96,13,0,0
BRDA:96,13,1,0
BRDA:99,14,0,0
BRDA:99,14,1,0
BRDA:99,15,0,0
BRDA:99,15,1,0
BRDA:116,16,0,0
BRDA:116,16,1,0
BRDA:117,17,0,0
BRDA:117,17,1,0
BRDA:120,18,0,0
BRDA:120,18,1,0
BRDA:160,19,0,0
BRDA:160,19,1,0
BRDA:189,20,0,0
BRDA:189,20,1,0
BRDA:189,21,0,0
BRDA:189,21,1,0
BRDA:195,22,0,0
BRDA:195,22,1,0
BRDA:216,23,0,0
BRDA:216,23,1,0
BRDA:218,24,0,0
BRDA:218,24,1,0
BRDA:220,25,0,0
BRDA:220,25,1,0
BRDA:240,26,0,0
BRDA:240,26,1,0
BRDA:248,27,0,0
BRDA:248,27,1,0
BRDA:253,28,0,0
BRDA:253,28,1,0
BRDA:288,29,0,0
BRDA:288,29,1,0
BRDA:314,30,0,0
BRDA:314,30,1,0
BRDA:334,31,0,0
BRDA:334,31,1,0
BRDA:339,32,0,0
BRDA:339,32,1,0
BRDA:342,33,0,0
BRDA:342,33,1,0
BRDA:343,34,0,0
BRDA:343,34,1,0
BRDA:345,35,0,0
BRDA:345,35,1,0
BRDA:355,36,0,0
BRDA:355,36,1,0
BRDA:373,37,0,0
BRDA:373,37,1,0
BRDA:374,38,0,0
BRDA:374,38,1,0
BRDA:376,39,0,0
BRDA:376,39,1,0
BRDA:377,40,0,0
BRDA:377,40,1,0
BRDA:378,41,0,0
BRDA:378,41,1,0
BRDA:383,42,0,0
BRDA:383,42,1,0
BRDA:390,43,0,0
BRDA:390,43,1,0
BRDA:397,44,0,0
BRDA:397,44,1,0
BRDA:398,45,0,0
BRDA:398,45,1,0
BRDA:404,46,0,0
BRDA:404,46,1,0
BRDA:423,47,0,0
BRDA:423,47,1,0
BRDA:433,48,0,0
BRDA:433,48,1,0
BRF:98
BRH:0
end_of_record
TN:
SF:src/components/selection.jsx
FN:9,SelectionFormat
FN:12,(anonymous_1)
FN:18,(anonymous_2)
FN:38,(anonymous_3)
FN:42,(anonymous_4)
FN:50,(anonymous_5)
FNF:6
FNH:0
FNDA:0,SelectionFormat
FNDA:0,(anonymous_1)
FNDA:0,(anonymous_2)
FNDA:0,(anonymous_3)
FNDA:0,(anonymous_4)
FNDA:0,(anonymous_5)
DA:10,0
DA:12,0
DA:13,0
DA:14,0
DA:18,0
DA:19,0
DA:22,0
DA:39,0
DA:42,0
DA:51,0
LF:10
LH:0
BRDA:9,0,0,0
BRDA:19,1,0,0
BRDA:19,1,1,0
BRDA:19,2,0,0
BRDA:19,2,1,0
BRDA:28,3,0,0
BRDA:28,3,1,0
BRDA:28,3,2,0
BRDA:31,4,0,0
BRDA:31,4,1,0
BRDA:31,4,2,0
BRDA:41,5,0,0
BRDA:41,5,1,0
BRDA:46,6,0,0
BRDA:46,6,1,0
BRF:15
BRH:0
end_of_record
TN:
SF:src/components/signup.jsx
FN:5,SignUp
FN:16,(anonymous_1)
FN:18,(anonymous_2)
FN:21,(anonymous_3)
FNF:4
FNH:1
FNDA:12,SignUp
FNDA:0,(anonymous_1)
FNDA:0,(anonymous_2)
FNDA:0,(anonymous_3)
DA:11,12
DA:16,12
DA:17,0
DA:18,0
DA:21,12
DA:22,0
DA:27,0
DA:28,0
DA:36,0
DA:37,0
DA:38,0
DA:39,0
DA:40,0
DA:41,0
DA:42,0
DA:43,0
DA:45,0
DA:48,0
DA:49,0
DA:53,12
LF:20
LH:4
BRDA:36,0,0,0
BRDA:36,0,1,0
BRF:2
BRH:0
end_of_record
TN:
SF:src/components/websocketchat.jsx
FN:3,WebSocketChat
FN:8,(anonymous_1)
FN:11,(anonymous_2)
FN:12,(anonymous_3)
FN:15,(anonymous_4)
FN:16,(anonymous_5)
FN:19,(anonymous_6)
FN:20,(anonymous_7)
FN:23,(anonymous_8)
FN:28,(anonymous_9)
FN:39,(anonymous_10)
FN:45,(anonymous_11)
FN:46,(anonymous_12)
FNF:13
FNH:0
FNDA:0,WebSocketChat
FNDA:0,(anonymous_1)
FNDA:0,(anonymous_2)
FNDA:0,(anonymous_3)
FNDA:0,(anonymous_4)
FNDA:0,(anonymous_5)
FNDA:0,(anonymous_6)
FNDA:0,(anonymous_7)
FNDA:0,(anonymous_8)
FNDA:0,(anonymous_9)
FNDA:0,(anonymous_10)
FNDA:0,(anonymous_11)
FNDA:0,(anonymous_12)
DA:4,0
DA:5,0
DA:6,0
DA:8,0
DA:9,0
DA:11,0
DA:12,0
DA:15,0
DA:16,0
DA:19,0
DA:20,0
DA:23,0
DA:24,0
DA:28,0
DA:29,0
DA:30,0
DA:31,0
DA:35,0
DA:40,0
DA:45,0
DA:46,0
LF:21
LH:0
BRDA:29,0,0,0
BRDA:29,0,1,0
BRDA:29,1,0,0
BRDA:29,1,1,0
BRDA:46,2,0,0
BRDA:46,2,1,0
BRF:6
BRH:0
end_of_record
TN:
SF:src/utils/formatters.js
FN:8,(anonymous_0)
FN:14,(anonymous_1)
FN:24,(anonymous_2)
FN:28,(anonymous_3)
FN:29,(anonymous_4)
FNF:5
FNH:0
FNDA:0,(anonymous_0)
FNDA:0,(anonymous_1)
FNDA:0,(anonymous_2)
FNDA:0,(anonymous_3)
FNDA:0,(anonymous_4)
DA:8,1
DA:9,0
DA:11,0
DA:14,0
DA:24,1
DA:25,0
DA:27,0
DA:28,0
DA:30,0
DA:31,0
LF:10
LH:2
BRDA:9,0,0,0
BRDA:9,0,1,0
BRDA:25,1,0,0
BRDA:25,1,1,0
BRDA:28,2,0,0
BRDA:28,2,1,0
BRF:6
BRH:0
end_of_record
